MAX_SERIAL: 43046721
STATE_PER_FILE: 1048576
NUMBER_OF_FILE: 42

total_legal_reduced_state: 3047783
SparseKoBitState.part00000: 522607
SparseKoBitState.part00001: 559018
SparseKoBitState.part00002: 389488
SparseKoBitState.part00003: 270501
SparseKoBitState.part00004: 178111
SparseKoBitState.part00005: 231127
SparseKoBitState.part00006: 124753
SparseKoBitState.part00007: 107145
SparseKoBitState.part00008: 60292
SparseKoBitState.part00009: 42643
SparseKoBitState.part00010: 71938
SparseKoBitState.part00011: 21675
SparseKoBitState.part00012: 8640
SparseKoBitState.part00013: 12743
SparseKoBitState.part00014: 134121
SparseKoBitState.part00015: 84775
SparseKoBitState.part00016: 80116
SparseKoBitState.part00017: 38747
SparseKoBitState.part00018: 27563
SparseKoBitState.part00019: 31212
SparseKoBitState.part00020: 6512
SparseKoBitState.part00021: 9313
SparseKoBitState.part00022: 7114
SparseKoBitState.part00023: 0
SparseKoBitState.part00024: 0
SparseKoBitState.part00025: 0
SparseKoBitState.part00026: 0
SparseKoBitState.part00027: 0
SparseKoBitState.part00028: 13929
SparseKoBitState.part00029: 1645
SparseKoBitState.part00030: 7654
SparseKoBitState.part00031: 4173
SparseKoBitState.part00032: 0
SparseKoBitState.part00033: 0
SparseKoBitState.part00034: 106
SparseKoBitState.part00035: 0
SparseKoBitState.part00036: 108
SparseKoBitState.part00037: 0
SparseKoBitState.part00038: 0
SparseKoBitState.part00039: 0
SparseKoBitState.part00040: 14
SparseKoBitState.part00041: 0

total_ko_state: 167000
SparseKoBitState.part00000: 16402
SparseKoBitState.part00001: 18839
SparseKoBitState.part00002: 22319
SparseKoBitState.part00003: 16982
SparseKoBitState.part00004: 6837
SparseKoBitState.part00005: 10868
SparseKoBitState.part00006: 6795
SparseKoBitState.part00007: 12836
SparseKoBitState.part00008: 5927
SparseKoBitState.part00009: 1793
SparseKoBitState.part00010: 13414
SparseKoBitState.part00011: 7224
SparseKoBitState.part00012: 2919
SparseKoBitState.part00013: 138
SparseKoBitState.part00014: 4314
SparseKoBitState.part00015: 3872
SparseKoBitState.part00016: 6708
SparseKoBitState.part00017: 1198
SparseKoBitState.part00018: 1590
SparseKoBitState.part00019: 1835
SparseKoBitState.part00020: 541
SparseKoBitState.part00021: 985
SparseKoBitState.part00022: 517
SparseKoBitState.part00023: 0
SparseKoBitState.part00024: 0
SparseKoBitState.part00025: 0
SparseKoBitState.part00026: 0
SparseKoBitState.part00027: 0
SparseKoBitState.part00028: 617
SparseKoBitState.part00029: 184
SparseKoBitState.part00030: 1096
SparseKoBitState.part00031: 250
SparseKoBitState.part00032: 0
SparseKoBitState.part00033: 0
SparseKoBitState.part00034: 0
SparseKoBitState.part00035: 0
SparseKoBitState.part00036: 0
SparseKoBitState.part00037: 0
SparseKoBitState.part00038: 0
SparseKoBitState.part00039: 0
SparseKoBitState.part00040: 0
SparseKoBitState.part00041: 0

maximum_ko_per_serial: 3
SparseKoBitState.part00000: 2
SparseKoBitState.part00001: 2
SparseKoBitState.part00002: 2
SparseKoBitState.part00003: 2
SparseKoBitState.part00004: 2
SparseKoBitState.part00005: 2
SparseKoBitState.part00006: 2
SparseKoBitState.part00007: 2
SparseKoBitState.part00008: 2
SparseKoBitState.part00009: 2
SparseKoBitState.part00010: 3
SparseKoBitState.part00011: 2
SparseKoBitState.part00012: 2
SparseKoBitState.part00013: 1
SparseKoBitState.part00014: 2
SparseKoBitState.part00015: 2
SparseKoBitState.part00016: 2
SparseKoBitState.part00017: 2
SparseKoBitState.part00018: 2
SparseKoBitState.part00019: 2
SparseKoBitState.part00020: 2
SparseKoBitState.part00021: 2
SparseKoBitState.part00022: 2
SparseKoBitState.part00023: 0
SparseKoBitState.part00024: 0
SparseKoBitState.part00025: 0
SparseKoBitState.part00026: 0
SparseKoBitState.part00027: 0
SparseKoBitState.part00028: 1
SparseKoBitState.part00029: 2
SparseKoBitState.part00030: 2
SparseKoBitState.part00031: 2
SparseKoBitState.part00032: 0
SparseKoBitState.part00033: 0
SparseKoBitState.part00034: 0
SparseKoBitState.part00035: 0
SparseKoBitState.part00036: 0
SparseKoBitState.part00037: 0
SparseKoBitState.part00038: 0
SparseKoBitState.part00039: 0
SparseKoBitState.part00040: 0
SparseKoBitState.part00041: 0
