MAX_SERIAL: 847288609443
STATE_PER_FILE: 1073741824
NUMBER_OF_FILE: 790
total_legal_reduced_state: 51790408755
SparseKoBitState.part00000: 604452802
SparseKoBitState.part00001: 373245034
SparseKoBitState.part00002: 165560642
SparseKoBitState.part00003: 511625803
SparseKoBitState.part00004: 669863261
SparseKoBitState.part00005: 670778530
SparseKoBitState.part00006: 648476055
SparseKoBitState.part00007: 643374897
SparseKoBitState.part00008: 663838718
SparseKoBitState.part00009: 636701162
SparseKoBitState.part00010: 591224122
SparseKoBitState.part00011: 626712811
SparseKoBitState.part00012: 630140542
SparseKoBitState.part00013: 537780491
SparseKoBitState.part00014: 600207509
SparseKoBitState.part00015: 623688960
SparseKoBitState.part00016: 401917286
SparseKoBitState.part00017: 374907278
SparseKoBitState.part00018: 408375358
SparseKoBitState.part00019: 441403711
SparseKoBitState.part00020: 508165512
SparseKoBitState.part00021: 568257909
SparseKoBitState.part00022: 493328178
SparseKoBitState.part00023: 312378879
SparseKoBitState.part00024: 378775431
SparseKoBitState.part00025: 374854455
SparseKoBitState.part00026: 425830825
SparseKoBitState.part00027: 566540736
SparseKoBitState.part00028: 568590442
SparseKoBitState.part00029: 372402290
SparseKoBitState.part00030: 307744503
SparseKoBitState.part00031: 181018697
SparseKoBitState.part00032: 217485294
SparseKoBitState.part00033: 450944594
SparseKoBitState.part00034: 558850552
SparseKoBitState.part00035: 491552959
SparseKoBitState.part00036: 377169597
SparseKoBitState.part00037: 549729448
SparseKoBitState.part00038: 535387916
SparseKoBitState.part00039: 263091256
SparseKoBitState.part00040: 452069571
SparseKoBitState.part00041: 462691368
SparseKoBitState.part00042: 310082707
SparseKoBitState.part00043: 430184096
SparseKoBitState.part00044: 520275494
SparseKoBitState.part00045: 323653816
SparseKoBitState.part00046: 239139619
SparseKoBitState.part00047: 335382931
SparseKoBitState.part00048: 293970855
SparseKoBitState.part00049: 236506071
SparseKoBitState.part00050: 414729845
SparseKoBitState.part00051: 396964263
SparseKoBitState.part00052: 82801162
SparseKoBitState.part00053: 202158035
SparseKoBitState.part00054: 212905650
SparseKoBitState.part00055: 160286691
SparseKoBitState.part00056: 331996713
SparseKoBitState.part00057: 411841270
SparseKoBitState.part00058: 245102735
SparseKoBitState.part00059: 196331249
SparseKoBitState.part00060: 184201760
SparseKoBitState.part00061: 83421914
SparseKoBitState.part00062: 219453128
SparseKoBitState.part00063: 476783602
SparseKoBitState.part00064: 452221103
SparseKoBitState.part00065: 117945250
SparseKoBitState.part00066: 460816349
SparseKoBitState.part00067: 473412917
SparseKoBitState.part00068: 142220689
SparseKoBitState.part00069: 269969814
SparseKoBitState.part00070: 339659945
SparseKoBitState.part00071: 182863571
SparseKoBitState.part00072: 208652188
SparseKoBitState.part00073: 366468356
SparseKoBitState.part00074: 258578206
SparseKoBitState.part00075: 64392982
SparseKoBitState.part00076: 183692660
SparseKoBitState.part00077: 178080576
SparseKoBitState.part00078: 32543715
SparseKoBitState.part00079: 300165823
SparseKoBitState.part00080: 307681838
SparseKoBitState.part00081: 68278410
SparseKoBitState.part00082: 210986737
SparseKoBitState.part00083: 275846369
SparseKoBitState.part00084: 118757694
SparseKoBitState.part00085: 211952906
SparseKoBitState.part00086: 410804176
SparseKoBitState.part00087: 270933158
SparseKoBitState.part00088: 0
SparseKoBitState.part00089: 0
SparseKoBitState.part00090: 0
SparseKoBitState.part00091: 0
SparseKoBitState.part00092: 388778339
SparseKoBitState.part00093: 411584340
SparseKoBitState.part00094: 68519315
SparseKoBitState.part00095: 282792897
SparseKoBitState.part00096: 384934180
SparseKoBitState.part00097: 167350289
SparseKoBitState.part00098: 96617810
SparseKoBitState.part00099: 126033069
SparseKoBitState.part00100: 33208414
SparseKoBitState.part00101: 83106123
SparseKoBitState.part00102: 325729098
SparseKoBitState.part00103: 352038416
SparseKoBitState.part00104: 677210
SparseKoBitState.part00105: 194356179
SparseKoBitState.part00106: 252169269
SparseKoBitState.part00107: 40906041
SparseKoBitState.part00108: 131034977
SparseKoBitState.part00109: 203181904
SparseKoBitState.part00110: 89445097
SparseKoBitState.part00111: 93976418
SparseKoBitState.part00112: 198855551
SparseKoBitState.part00113: 152245026
SparseKoBitState.part00114: 67960269
SparseKoBitState.part00115: 260224401
SparseKoBitState.part00116: 321558556
SparseKoBitState.part00117: 0
SparseKoBitState.part00118: 0
SparseKoBitState.part00119: 0
SparseKoBitState.part00120: 0
SparseKoBitState.part00121: 171523318
SparseKoBitState.part00122: 304745241
SparseKoBitState.part00123: 141209223
SparseKoBitState.part00124: 107556681
SparseKoBitState.part00125: 259560243
SparseKoBitState.part00126: 221037518
SparseKoBitState.part00127: 22911446
SparseKoBitState.part00128: 74369752
SparseKoBitState.part00129: 49131938
SparseKoBitState.part00130: 4370735
SparseKoBitState.part00131: 155369159
SparseKoBitState.part00132: 325714517
SparseKoBitState.part00133: 46149551
SparseKoBitState.part00134: 74855991
SparseKoBitState.part00135: 180011122
SparseKoBitState.part00136: 84400157
SparseKoBitState.part00137: 34134594
SparseKoBitState.part00138: 103020338
SparseKoBitState.part00139: 96272213
SparseKoBitState.part00140: 16067405
SparseKoBitState.part00141: 64150172
SparseKoBitState.part00142: 120944730
SparseKoBitState.part00143: 3603358
SparseKoBitState.part00144: 87105528
SparseKoBitState.part00145: 258035542
SparseKoBitState.part00146: 33868593
SparseKoBitState.part00147: 0
SparseKoBitState.part00148: 0
SparseKoBitState.part00149: 0
SparseKoBitState.part00150: 50213515
SparseKoBitState.part00151: 193249201
SparseKoBitState.part00152: 193941893
SparseKoBitState.part00153: 21474305
SparseKoBitState.part00154: 120401388
SparseKoBitState.part00155: 269907626
SparseKoBitState.part00156: 904149
SparseKoBitState.part00157: 12983254
SparseKoBitState.part00158: 37133938
SparseKoBitState.part00159: 2113391
SparseKoBitState.part00160: 22048661
SparseKoBitState.part00161: 126805913
SparseKoBitState.part00162: 61243582
SparseKoBitState.part00163: 6025081
SparseKoBitState.part00164: 52921597
SparseKoBitState.part00165: 43697404
SparseKoBitState.part00166: 3673128
SparseKoBitState.part00167: 33148468
SparseKoBitState.part00168: 94711432
SparseKoBitState.part00169: 1193553
SparseKoBitState.part00170: 12079386
SparseKoBitState.part00171: 160301359
SparseKoBitState.part00172: 18761505
SparseKoBitState.part00173: 7156864
SparseKoBitState.part00174: 200016377
SparseKoBitState.part00175: 91953037
SparseKoBitState.part00176: 0
SparseKoBitState.part00177: 0
SparseKoBitState.part00178: 0
SparseKoBitState.part00179: 0
SparseKoBitState.part00180: 68153944
SparseKoBitState.part00181: 229466734
SparseKoBitState.part00182: 0
SparseKoBitState.part00183: 0
SparseKoBitState.part00184: 250655235
SparseKoBitState.part00185: 24082577
SparseKoBitState.part00186: 0
SparseKoBitState.part00187: 0
SparseKoBitState.part00188: 0
SparseKoBitState.part00189: 0
SparseKoBitState.part00190: 118747081
SparseKoBitState.part00191: 128024325
SparseKoBitState.part00192: 0
SparseKoBitState.part00193: 36025377
SparseKoBitState.part00194: 116096888
SparseKoBitState.part00195: 0
SparseKoBitState.part00196: 0
SparseKoBitState.part00197: 26833995
SparseKoBitState.part00198: 1046522
SparseKoBitState.part00199: 0
SparseKoBitState.part00200: 97385221
SparseKoBitState.part00201: 41215677
SparseKoBitState.part00202: 0
SparseKoBitState.part00203: 94456709
SparseKoBitState.part00204: 97863756
SparseKoBitState.part00205: 0
SparseKoBitState.part00206: 0
SparseKoBitState.part00207: 0
SparseKoBitState.part00208: 0
SparseKoBitState.part00209: 659162
SparseKoBitState.part00210: 160044693
SparseKoBitState.part00211: 12089609
SparseKoBitState.part00212: 0
SparseKoBitState.part00213: 106191762
SparseKoBitState.part00214: 45963349
SparseKoBitState.part00215: 0
SparseKoBitState.part00216: 0
SparseKoBitState.part00217: 0
SparseKoBitState.part00218: 0
SparseKoBitState.part00219: 33926244
SparseKoBitState.part00220: 86863634
SparseKoBitState.part00221: 0
SparseKoBitState.part00222: 1736956
SparseKoBitState.part00223: 63678376
SparseKoBitState.part00224: 622647
SparseKoBitState.part00225: 0
SparseKoBitState.part00226: 4667717
SparseKoBitState.part00227: 478535
SparseKoBitState.part00228: 0
SparseKoBitState.part00229: 18923184
SparseKoBitState.part00230: 11220600
SparseKoBitState.part00231: 0
SparseKoBitState.part00232: 19417587
SparseKoBitState.part00233: 36508005
SparseKoBitState.part00234: 0
SparseKoBitState.part00235: 0
SparseKoBitState.part00236: 0
SparseKoBitState.part00237: 0
SparseKoBitState.part00238: 0
SparseKoBitState.part00239: 60459972
SparseKoBitState.part00240: 22707286
SparseKoBitState.part00241: 0
SparseKoBitState.part00242: 34812103
SparseKoBitState.part00243: 29419857
SparseKoBitState.part00244: 0
SparseKoBitState.part00245: 0
SparseKoBitState.part00246: 0
SparseKoBitState.part00247: 0
SparseKoBitState.part00248: 2017481
SparseKoBitState.part00249: 35636806
SparseKoBitState.part00250: 1044586
SparseKoBitState.part00251: 0
SparseKoBitState.part00252: 11384483
SparseKoBitState.part00253: 3447947
SparseKoBitState.part00254: 0
SparseKoBitState.part00255: 409156
SparseKoBitState.part00256: 158690
SparseKoBitState.part00257: 0
SparseKoBitState.part00258: 4988778
SparseKoBitState.part00259: 10750176
SparseKoBitState.part00260: 0
SparseKoBitState.part00261: 732231
SparseKoBitState.part00262: 8115180
SparseKoBitState.part00263: 33444
SparseKoBitState.part00264: 0
SparseKoBitState.part00265: 0
SparseKoBitState.part00266: 166323048
SparseKoBitState.part00267: 153562688
SparseKoBitState.part00268: 72615231
SparseKoBitState.part00269: 126167932
SparseKoBitState.part00270: 244782811
SparseKoBitState.part00271: 250638103
SparseKoBitState.part00272: 159759191
SparseKoBitState.part00273: 0
SparseKoBitState.part00274: 0
SparseKoBitState.part00275: 0
SparseKoBitState.part00276: 197868304
SparseKoBitState.part00277: 218767218
SparseKoBitState.part00278: 191072506
SparseKoBitState.part00279: 149605430
SparseKoBitState.part00280: 136109098
SparseKoBitState.part00281: 137029863
SparseKoBitState.part00282: 68817766
SparseKoBitState.part00283: 0
SparseKoBitState.part00284: 0
SparseKoBitState.part00285: 24674264
SparseKoBitState.part00286: 102977233
SparseKoBitState.part00287: 120893312
SparseKoBitState.part00288: 102951136
SparseKoBitState.part00289: 154822532
SparseKoBitState.part00290: 196483871
SparseKoBitState.part00291: 171353434
SparseKoBitState.part00292: 49186025
SparseKoBitState.part00293: 0
SparseKoBitState.part00294: 0
SparseKoBitState.part00295: 54697381
SparseKoBitState.part00296: 100436394
SparseKoBitState.part00297: 69453163
SparseKoBitState.part00298: 43056819
SparseKoBitState.part00299: 129376810
SparseKoBitState.part00300: 188041123
SparseKoBitState.part00301: 159473645
SparseKoBitState.part00302: 157795
SparseKoBitState.part00303: 0
SparseKoBitState.part00304: 0
SparseKoBitState.part00305: 61121808
SparseKoBitState.part00306: 124462502
SparseKoBitState.part00307: 130929625
SparseKoBitState.part00308: 90499362
SparseKoBitState.part00309: 76426154
SparseKoBitState.part00310: 107359435
SparseKoBitState.part00311: 67991603
SparseKoBitState.part00312: 0
SparseKoBitState.part00313: 0
SparseKoBitState.part00314: 187216
SparseKoBitState.part00315: 21328582
SparseKoBitState.part00316: 42353588
SparseKoBitState.part00317: 39823926
SparseKoBitState.part00318: 51894088
SparseKoBitState.part00319: 102469055
SparseKoBitState.part00320: 117510847
SparseKoBitState.part00321: 54178447
SparseKoBitState.part00322: 0
SparseKoBitState.part00323: 0
SparseKoBitState.part00324: 10685146
SparseKoBitState.part00325: 44334037
SparseKoBitState.part00326: 63031685
SparseKoBitState.part00327: 19837686
SparseKoBitState.part00328: 39073545
SparseKoBitState.part00329: 138719881
SparseKoBitState.part00330: 124504850
SparseKoBitState.part00331: 29476778
SparseKoBitState.part00332: 0
SparseKoBitState.part00333: 0
SparseKoBitState.part00334: 8302502
SparseKoBitState.part00335: 42984345
SparseKoBitState.part00336: 69999101
SparseKoBitState.part00337: 45158123
SparseKoBitState.part00338: 19319030
SparseKoBitState.part00339: 51518314
SparseKoBitState.part00340: 47084267
SparseKoBitState.part00341: 0
SparseKoBitState.part00342: 0
SparseKoBitState.part00343: 0
SparseKoBitState.part00344: 3792788
SparseKoBitState.part00345: 30714809
SparseKoBitState.part00346: 37446292
SparseKoBitState.part00347: 19957921
SparseKoBitState.part00348: 57858027
SparseKoBitState.part00349: 113759266
SparseKoBitState.part00350: 65009704
SparseKoBitState.part00351: 0
SparseKoBitState.part00352: 0
SparseKoBitState.part00353: 0
SparseKoBitState.part00354: 0
SparseKoBitState.part00355: 0
SparseKoBitState.part00356: 0
SparseKoBitState.part00357: 0
SparseKoBitState.part00358: 76942281
SparseKoBitState.part00359: 95188875
SparseKoBitState.part00360: 42886788
SparseKoBitState.part00361: 0
SparseKoBitState.part00362: 0
SparseKoBitState.part00363: 0
SparseKoBitState.part00364: 10729228
SparseKoBitState.part00365: 36020259
SparseKoBitState.part00366: 11857283
SparseKoBitState.part00367: 0
SparseKoBitState.part00368: 51264950
SparseKoBitState.part00369: 57374291
SparseKoBitState.part00370: 11391533
SparseKoBitState.part00371: 0
SparseKoBitState.part00372: 0
SparseKoBitState.part00373: 0
SparseKoBitState.part00374: 8327954
SparseKoBitState.part00375: 17928215
SparseKoBitState.part00376: 11120860
SparseKoBitState.part00377: 16217548
SparseKoBitState.part00378: 66913315
SparseKoBitState.part00379: 68656822
SparseKoBitState.part00380: 0
SparseKoBitState.part00381: 0
SparseKoBitState.part00382: 0
SparseKoBitState.part00383: 0
SparseKoBitState.part00384: 0
SparseKoBitState.part00385: 0
SparseKoBitState.part00386: 0
SparseKoBitState.part00387: 26619508
SparseKoBitState.part00388: 62071666
SparseKoBitState.part00389: 44196005
SparseKoBitState.part00390: 0
SparseKoBitState.part00391: 0
SparseKoBitState.part00392: 0
SparseKoBitState.part00393: 0
SparseKoBitState.part00394: 15035041
SparseKoBitState.part00395: 11090989
SparseKoBitState.part00396: 257598
SparseKoBitState.part00397: 17032960
SparseKoBitState.part00398: 34817616
SparseKoBitState.part00399: 15446664
SparseKoBitState.part00400: 0
SparseKoBitState.part00401: 0
SparseKoBitState.part00402: 0
SparseKoBitState.part00403: 437007
SparseKoBitState.part00404: 2172217
SparseKoBitState.part00405: 2336141
SparseKoBitState.part00406: 0
SparseKoBitState.part00407: 19926057
SparseKoBitState.part00408: 45603209
SparseKoBitState.part00409: 1315145
SparseKoBitState.part00410: 0
SparseKoBitState.part00411: 0
SparseKoBitState.part00412: 0
SparseKoBitState.part00413: 0
SparseKoBitState.part00414: 0
SparseKoBitState.part00415: 0
SparseKoBitState.part00416: 5025147
SparseKoBitState.part00417: 20021196
SparseKoBitState.part00418: 27465474
SparseKoBitState.part00419: 0
SparseKoBitState.part00420: 0
SparseKoBitState.part00421: 0
SparseKoBitState.part00422: 0
SparseKoBitState.part00423: 1024093
SparseKoBitState.part00424: 2336500
SparseKoBitState.part00425: 0
SparseKoBitState.part00426: 1551592
SparseKoBitState.part00427: 9379090
SparseKoBitState.part00428: 1443837
SparseKoBitState.part00429: 0
SparseKoBitState.part00430: 0
SparseKoBitState.part00431: 0
SparseKoBitState.part00432: 5619
SparseKoBitState.part00433: 121987
SparseKoBitState.part00434: 854812
SparseKoBitState.part00435: 0
SparseKoBitState.part00436: 2573533
SparseKoBitState.part00437: 33807612
SparseKoBitState.part00438: 574570
SparseKoBitState.part00439: 0
SparseKoBitState.part00440: 0
SparseKoBitState.part00441: 0
SparseKoBitState.part00442: 0
SparseKoBitState.part00443: 0
SparseKoBitState.part00444: 0
SparseKoBitState.part00445: 0
SparseKoBitState.part00446: 0
SparseKoBitState.part00447: 0
SparseKoBitState.part00448: 0
SparseKoBitState.part00449: 0
SparseKoBitState.part00450: 0
SparseKoBitState.part00451: 0
SparseKoBitState.part00452: 0
SparseKoBitState.part00453: 0
SparseKoBitState.part00454: 0
SparseKoBitState.part00455: 0
SparseKoBitState.part00456: 0
SparseKoBitState.part00457: 0
SparseKoBitState.part00458: 0
SparseKoBitState.part00459: 0
SparseKoBitState.part00460: 0
SparseKoBitState.part00461: 0
SparseKoBitState.part00462: 0
SparseKoBitState.part00463: 0
SparseKoBitState.part00464: 0
SparseKoBitState.part00465: 0
SparseKoBitState.part00466: 0
SparseKoBitState.part00467: 0
SparseKoBitState.part00468: 0
SparseKoBitState.part00469: 0
SparseKoBitState.part00470: 0
SparseKoBitState.part00471: 0
SparseKoBitState.part00472: 0
SparseKoBitState.part00473: 0
SparseKoBitState.part00474: 0
SparseKoBitState.part00475: 0
SparseKoBitState.part00476: 0
SparseKoBitState.part00477: 0
SparseKoBitState.part00478: 0
SparseKoBitState.part00479: 0
SparseKoBitState.part00480: 0
SparseKoBitState.part00481: 0
SparseKoBitState.part00482: 0
SparseKoBitState.part00483: 0
SparseKoBitState.part00484: 0
SparseKoBitState.part00485: 0
SparseKoBitState.part00486: 0
SparseKoBitState.part00487: 0
SparseKoBitState.part00488: 0
SparseKoBitState.part00489: 0
SparseKoBitState.part00490: 0
SparseKoBitState.part00491: 0
SparseKoBitState.part00492: 0
SparseKoBitState.part00493: 0
SparseKoBitState.part00494: 0
SparseKoBitState.part00495: 0
SparseKoBitState.part00496: 0
SparseKoBitState.part00497: 0
SparseKoBitState.part00498: 0
SparseKoBitState.part00499: 0
SparseKoBitState.part00500: 0
SparseKoBitState.part00501: 0
SparseKoBitState.part00502: 0
SparseKoBitState.part00503: 0
SparseKoBitState.part00504: 0
SparseKoBitState.part00505: 0
SparseKoBitState.part00506: 0
SparseKoBitState.part00507: 0
SparseKoBitState.part00508: 0
SparseKoBitState.part00509: 0
SparseKoBitState.part00510: 0
SparseKoBitState.part00511: 0
SparseKoBitState.part00512: 0
SparseKoBitState.part00513: 0
SparseKoBitState.part00514: 0
SparseKoBitState.part00515: 0
SparseKoBitState.part00516: 0
SparseKoBitState.part00517: 0
SparseKoBitState.part00518: 0
SparseKoBitState.part00519: 0
SparseKoBitState.part00520: 0
SparseKoBitState.part00521: 0
SparseKoBitState.part00522: 0
SparseKoBitState.part00523: 0
SparseKoBitState.part00524: 0
SparseKoBitState.part00525: 0
SparseKoBitState.part00526: 0
SparseKoBitState.part00527: 0
SparseKoBitState.part00528: 0
SparseKoBitState.part00529: 0
SparseKoBitState.part00530: 0
SparseKoBitState.part00531: 0
SparseKoBitState.part00532: 25410061
SparseKoBitState.part00533: 42810660
SparseKoBitState.part00534: 20944336
SparseKoBitState.part00535: 6695435
SparseKoBitState.part00536: 0
SparseKoBitState.part00537: 0
SparseKoBitState.part00538: 0
SparseKoBitState.part00539: 0
SparseKoBitState.part00540: 0
SparseKoBitState.part00541: 0
SparseKoBitState.part00542: 22257800
SparseKoBitState.part00543: 32988424
SparseKoBitState.part00544: 28409020
SparseKoBitState.part00545: 17488034
SparseKoBitState.part00546: 0
SparseKoBitState.part00547: 0
SparseKoBitState.part00548: 0
SparseKoBitState.part00549: 0
SparseKoBitState.part00550: 0
SparseKoBitState.part00551: 0
SparseKoBitState.part00552: 34098584
SparseKoBitState.part00553: 36082590
SparseKoBitState.part00554: 33743596
SparseKoBitState.part00555: 9441807
SparseKoBitState.part00556: 0
SparseKoBitState.part00557: 0
SparseKoBitState.part00558: 0
SparseKoBitState.part00559: 0
SparseKoBitState.part00560: 0
SparseKoBitState.part00561: 5021663
SparseKoBitState.part00562: 18102528
SparseKoBitState.part00563: 13609093
SparseKoBitState.part00564: 5673225
SparseKoBitState.part00565: 222802
SparseKoBitState.part00566: 0
SparseKoBitState.part00567: 0
SparseKoBitState.part00568: 0
SparseKoBitState.part00569: 0
SparseKoBitState.part00570: 0
SparseKoBitState.part00571: 4516000
SparseKoBitState.part00572: 11776640
SparseKoBitState.part00573: 12110023
SparseKoBitState.part00574: 11050523
SparseKoBitState.part00575: 0
SparseKoBitState.part00576: 0
SparseKoBitState.part00577: 0
SparseKoBitState.part00578: 0
SparseKoBitState.part00579: 0
SparseKoBitState.part00580: 0
SparseKoBitState.part00581: 5924365
SparseKoBitState.part00582: 12505295
SparseKoBitState.part00583: 11174875
SparseKoBitState.part00584: 5992036
SparseKoBitState.part00585: 0
SparseKoBitState.part00586: 0
SparseKoBitState.part00587: 0
SparseKoBitState.part00588: 0
SparseKoBitState.part00589: 0
SparseKoBitState.part00590: 0
SparseKoBitState.part00591: 4592270
SparseKoBitState.part00592: 7360841
SparseKoBitState.part00593: 3251991
SparseKoBitState.part00594: 286170
SparseKoBitState.part00595: 0
SparseKoBitState.part00596: 0
SparseKoBitState.part00597: 0
SparseKoBitState.part00598: 0
SparseKoBitState.part00599: 0
SparseKoBitState.part00600: 252735
SparseKoBitState.part00601: 1552413
SparseKoBitState.part00602: 3013910
SparseKoBitState.part00603: 3320454
SparseKoBitState.part00604: 0
SparseKoBitState.part00605: 0
SparseKoBitState.part00606: 0
SparseKoBitState.part00607: 0
SparseKoBitState.part00608: 0
SparseKoBitState.part00609: 0
SparseKoBitState.part00610: 530759
SparseKoBitState.part00611: 3515997
SparseKoBitState.part00612: 5573860
SparseKoBitState.part00613: 3639721
SparseKoBitState.part00614: 0
SparseKoBitState.part00615: 0
SparseKoBitState.part00616: 0
SparseKoBitState.part00617: 0
SparseKoBitState.part00618: 0
SparseKoBitState.part00619: 0
SparseKoBitState.part00620: 0
SparseKoBitState.part00621: 0
SparseKoBitState.part00622: 0
SparseKoBitState.part00623: 0
SparseKoBitState.part00624: 0
SparseKoBitState.part00625: 0
SparseKoBitState.part00626: 0
SparseKoBitState.part00627: 0
SparseKoBitState.part00628: 0
SparseKoBitState.part00629: 0
SparseKoBitState.part00630: 0
SparseKoBitState.part00631: 0
SparseKoBitState.part00632: 836977
SparseKoBitState.part00633: 70445
SparseKoBitState.part00634: 0
SparseKoBitState.part00635: 0
SparseKoBitState.part00636: 0
SparseKoBitState.part00637: 0
SparseKoBitState.part00638: 0
SparseKoBitState.part00639: 0
SparseKoBitState.part00640: 0
SparseKoBitState.part00641: 401141
SparseKoBitState.part00642: 2120027
SparseKoBitState.part00643: 0
SparseKoBitState.part00644: 0
SparseKoBitState.part00645: 0
SparseKoBitState.part00646: 0
SparseKoBitState.part00647: 0
SparseKoBitState.part00648: 0
SparseKoBitState.part00649: 0
SparseKoBitState.part00650: 0
SparseKoBitState.part00651: 0
SparseKoBitState.part00652: 0
SparseKoBitState.part00653: 0
SparseKoBitState.part00654: 0
SparseKoBitState.part00655: 0
SparseKoBitState.part00656: 0
SparseKoBitState.part00657: 0
SparseKoBitState.part00658: 0
SparseKoBitState.part00659: 0
SparseKoBitState.part00660: 0
SparseKoBitState.part00661: 367440
SparseKoBitState.part00662: 54728
SparseKoBitState.part00663: 0
SparseKoBitState.part00664: 0
SparseKoBitState.part00665: 0
SparseKoBitState.part00666: 0
SparseKoBitState.part00667: 0
SparseKoBitState.part00668: 0
SparseKoBitState.part00669: 0
SparseKoBitState.part00670: 0
SparseKoBitState.part00671: 676004
SparseKoBitState.part00672: 24699
SparseKoBitState.part00673: 0
SparseKoBitState.part00674: 0
SparseKoBitState.part00675: 0
SparseKoBitState.part00676: 0
SparseKoBitState.part00677: 0
SparseKoBitState.part00678: 0
SparseKoBitState.part00679: 0
SparseKoBitState.part00680: 0
SparseKoBitState.part00681: 0
SparseKoBitState.part00682: 0
SparseKoBitState.part00683: 0
SparseKoBitState.part00684: 0
SparseKoBitState.part00685: 0
SparseKoBitState.part00686: 0
SparseKoBitState.part00687: 0
SparseKoBitState.part00688: 0
SparseKoBitState.part00689: 0
SparseKoBitState.part00690: 56733
SparseKoBitState.part00691: 8681
SparseKoBitState.part00692: 0
SparseKoBitState.part00693: 0
SparseKoBitState.part00694: 0
SparseKoBitState.part00695: 0
SparseKoBitState.part00696: 0
SparseKoBitState.part00697: 0
SparseKoBitState.part00698: 0
SparseKoBitState.part00699: 0
SparseKoBitState.part00700: 259476
SparseKoBitState.part00701: 9684
SparseKoBitState.part00702: 0
SparseKoBitState.part00703: 0
SparseKoBitState.part00704: 0
SparseKoBitState.part00705: 0
SparseKoBitState.part00706: 0
SparseKoBitState.part00707: 0
SparseKoBitState.part00708: 0
SparseKoBitState.part00709: 0
SparseKoBitState.part00710: 0
SparseKoBitState.part00711: 0
SparseKoBitState.part00712: 0
SparseKoBitState.part00713: 0
SparseKoBitState.part00714: 0
SparseKoBitState.part00715: 0
SparseKoBitState.part00716: 0
SparseKoBitState.part00717: 0
SparseKoBitState.part00718: 0
SparseKoBitState.part00719: 0
SparseKoBitState.part00720: 0
SparseKoBitState.part00721: 0
SparseKoBitState.part00722: 0
SparseKoBitState.part00723: 0
SparseKoBitState.part00724: 0
SparseKoBitState.part00725: 0
SparseKoBitState.part00726: 0
SparseKoBitState.part00727: 0
SparseKoBitState.part00728: 0
SparseKoBitState.part00729: 62961
SparseKoBitState.part00730: 23831
SparseKoBitState.part00731: 0
SparseKoBitState.part00732: 0
SparseKoBitState.part00733: 0
SparseKoBitState.part00734: 0
SparseKoBitState.part00735: 0
SparseKoBitState.part00736: 0
SparseKoBitState.part00737: 0
SparseKoBitState.part00738: 0
SparseKoBitState.part00739: 0
SparseKoBitState.part00740: 0
SparseKoBitState.part00741: 0
SparseKoBitState.part00742: 0
SparseKoBitState.part00743: 0
SparseKoBitState.part00744: 0
SparseKoBitState.part00745: 0
SparseKoBitState.part00746: 0
SparseKoBitState.part00747: 0
SparseKoBitState.part00748: 0
SparseKoBitState.part00749: 0
SparseKoBitState.part00750: 0
SparseKoBitState.part00751: 0
SparseKoBitState.part00752: 0
SparseKoBitState.part00753: 0
SparseKoBitState.part00754: 0
SparseKoBitState.part00755: 0
SparseKoBitState.part00756: 0
SparseKoBitState.part00757: 0
SparseKoBitState.part00758: 6594
SparseKoBitState.part00759: 4093
SparseKoBitState.part00760: 0
SparseKoBitState.part00761: 0
SparseKoBitState.part00762: 0
SparseKoBitState.part00763: 0
SparseKoBitState.part00764: 0
SparseKoBitState.part00765: 0
SparseKoBitState.part00766: 0
SparseKoBitState.part00767: 0
SparseKoBitState.part00768: 0
SparseKoBitState.part00769: 0
SparseKoBitState.part00770: 0
SparseKoBitState.part00771: 0
SparseKoBitState.part00772: 0
SparseKoBitState.part00773: 0
SparseKoBitState.part00774: 0
SparseKoBitState.part00775: 0
SparseKoBitState.part00776: 0
SparseKoBitState.part00777: 0
SparseKoBitState.part00778: 0
SparseKoBitState.part00779: 0
SparseKoBitState.part00780: 0
SparseKoBitState.part00781: 0
SparseKoBitState.part00782: 0
SparseKoBitState.part00783: 0
SparseKoBitState.part00784: 0
SparseKoBitState.part00785: 0
SparseKoBitState.part00786: 0
SparseKoBitState.part00787: 0
SparseKoBitState.part00788: 2197
SparseKoBitState.part00789: 1

total_ko_state: 3473909911
SparseKoBitState.part00000: 20446613
SparseKoBitState.part00001: 14040997
SparseKoBitState.part00002: 6198047
SparseKoBitState.part00003: 19146667
SparseKoBitState.part00004: 26727038
SparseKoBitState.part00005: 27611585
SparseKoBitState.part00006: 24947521
SparseKoBitState.part00007: 24949896
SparseKoBitState.part00008: 26881703
SparseKoBitState.part00009: 24789528
SparseKoBitState.part00010: 22099904
SparseKoBitState.part00011: 24941101
SparseKoBitState.part00012: 24114426
SparseKoBitState.part00013: 22287783
SparseKoBitState.part00014: 26276195
SparseKoBitState.part00015: 26266303
SparseKoBitState.part00016: 29744444
SparseKoBitState.part00017: 35617883
SparseKoBitState.part00018: 41505005
SparseKoBitState.part00019: 35488688
SparseKoBitState.part00020: 36785338
SparseKoBitState.part00021: 42370475
SparseKoBitState.part00022: 32753376
SparseKoBitState.part00023: 11232212
SparseKoBitState.part00024: 14665615
SparseKoBitState.part00025: 14007321
SparseKoBitState.part00026: 17047423
SparseKoBitState.part00027: 24517732
SparseKoBitState.part00028: 23980948
SparseKoBitState.part00029: 15134099
SparseKoBitState.part00030: 12841872
SparseKoBitState.part00031: 7463800
SparseKoBitState.part00032: 9342273
SparseKoBitState.part00033: 20313213
SparseKoBitState.part00034: 24983726
SparseKoBitState.part00035: 21792563
SparseKoBitState.part00036: 16840168
SparseKoBitState.part00037: 24805631
SparseKoBitState.part00038: 23254066
SparseKoBitState.part00039: 12200056
SparseKoBitState.part00040: 20326221
SparseKoBitState.part00041: 20181894
SparseKoBitState.part00042: 14810183
SparseKoBitState.part00043: 20928672
SparseKoBitState.part00044: 24246077
SparseKoBitState.part00045: 19654657
SparseKoBitState.part00046: 26431375
SparseKoBitState.part00047: 34174603
SparseKoBitState.part00048: 34094412
SparseKoBitState.part00049: 43300066
SparseKoBitState.part00050: 67262857
SparseKoBitState.part00051: 64508627
SparseKoBitState.part00052: 2783534
SparseKoBitState.part00053: 8345894
SparseKoBitState.part00054: 8554272
SparseKoBitState.part00055: 6489851
SparseKoBitState.part00056: 15867861
SparseKoBitState.part00057: 19121241
SparseKoBitState.part00058: 11063185
SparseKoBitState.part00059: 8491078
SparseKoBitState.part00060: 8202467
SparseKoBitState.part00061: 3637601
SparseKoBitState.part00062: 10150227
SparseKoBitState.part00063: 22874750
SparseKoBitState.part00064: 21273362
SparseKoBitState.part00065: 12850636
SparseKoBitState.part00066: 54584321
SparseKoBitState.part00067: 54916822
SparseKoBitState.part00068: 12332426
SparseKoBitState.part00069: 11894670
SparseKoBitState.part00070: 15600625
SparseKoBitState.part00071: 8079338
SparseKoBitState.part00072: 9598534
SparseKoBitState.part00073: 17346158
SparseKoBitState.part00074: 12103160
SparseKoBitState.part00075: 2668068
SparseKoBitState.part00076: 8084931
SparseKoBitState.part00077: 7476254
SparseKoBitState.part00078: 2568124
SparseKoBitState.part00079: 26902969
SparseKoBitState.part00080: 26726349
SparseKoBitState.part00081: 5434797
SparseKoBitState.part00082: 9317990
SparseKoBitState.part00083: 12250377
SparseKoBitState.part00084: 4968060
SparseKoBitState.part00085: 10235876
SparseKoBitState.part00086: 20057080
SparseKoBitState.part00087: 13244305
SparseKoBitState.part00088: 0
SparseKoBitState.part00089: 0
SparseKoBitState.part00090: 0
SparseKoBitState.part00091: 0
SparseKoBitState.part00092: 20330287
SparseKoBitState.part00093: 20586635
SparseKoBitState.part00094: 3437141
SparseKoBitState.part00095: 14715590
SparseKoBitState.part00096: 19641093
SparseKoBitState.part00097: 8166112
SparseKoBitState.part00098: 5152899
SparseKoBitState.part00099: 6548412
SparseKoBitState.part00100: 1581261
SparseKoBitState.part00101: 4656625
SparseKoBitState.part00102: 18429393
SparseKoBitState.part00103: 18215205
SparseKoBitState.part00104: 31864
SparseKoBitState.part00105: 21361053
SparseKoBitState.part00106: 25827072
SparseKoBitState.part00107: 5387016
SparseKoBitState.part00108: 13776179
SparseKoBitState.part00109: 21626982
SparseKoBitState.part00110: 9269415
SparseKoBitState.part00111: 4756582
SparseKoBitState.part00112: 9845898
SparseKoBitState.part00113: 7084330
SparseKoBitState.part00114: 3819800
SparseKoBitState.part00115: 14776686
SparseKoBitState.part00116: 16627959
SparseKoBitState.part00117: 0
SparseKoBitState.part00118: 0
SparseKoBitState.part00119: 0
SparseKoBitState.part00120: 0
SparseKoBitState.part00121: 10637530
SparseKoBitState.part00122: 17258328
SparseKoBitState.part00123: 7330486
SparseKoBitState.part00124: 6843997
SparseKoBitState.part00125: 15078305
SparseKoBitState.part00126: 11808249
SparseKoBitState.part00127: 1600094
SparseKoBitState.part00128: 4900449
SparseKoBitState.part00129: 2484756
SparseKoBitState.part00130: 291476
SparseKoBitState.part00131: 11620774
SparseKoBitState.part00132: 18067018
SparseKoBitState.part00133: 2419857
SparseKoBitState.part00134: 9483921
SparseKoBitState.part00135: 21336286
SparseKoBitState.part00136: 8868117
SparseKoBitState.part00137: 9445237
SparseKoBitState.part00138: 30678670
SparseKoBitState.part00139: 24254458
SparseKoBitState.part00140: 888600
SparseKoBitState.part00141: 3485355
SparseKoBitState.part00142: 5835472
SparseKoBitState.part00143: 204213
SparseKoBitState.part00144: 6005231
SparseKoBitState.part00145: 14435016
SparseKoBitState.part00146: 1762845
SparseKoBitState.part00147: 0
SparseKoBitState.part00148: 0
SparseKoBitState.part00149: 0
SparseKoBitState.part00150: 3544937
SparseKoBitState.part00151: 11746867
SparseKoBitState.part00152: 10827570
SparseKoBitState.part00153: 4653581
SparseKoBitState.part00154: 20197947
SparseKoBitState.part00155: 55861179
SparseKoBitState.part00156: 31393
SparseKoBitState.part00157: 767504
SparseKoBitState.part00158: 2515168
SparseKoBitState.part00159: 99437
SparseKoBitState.part00160: 918156
SparseKoBitState.part00161: 6859406
SparseKoBitState.part00162: 5280875
SparseKoBitState.part00163: 242062
SparseKoBitState.part00164: 2553567
SparseKoBitState.part00165: 2100392
SparseKoBitState.part00166: 406438
SparseKoBitState.part00167: 4753154
SparseKoBitState.part00168: 12192662
SparseKoBitState.part00169: 30973
SparseKoBitState.part00170: 369810
SparseKoBitState.part00171: 8018106
SparseKoBitState.part00172: 898291
SparseKoBitState.part00173: 217950
SparseKoBitState.part00174: 10877627
SparseKoBitState.part00175: 4925637
SparseKoBitState.part00176: 0
SparseKoBitState.part00177: 0
SparseKoBitState.part00178: 0
SparseKoBitState.part00179: 0
SparseKoBitState.part00180: 3799444
SparseKoBitState.part00181: 41360865
SparseKoBitState.part00182: 0
SparseKoBitState.part00183: 0
SparseKoBitState.part00184: 42150726
SparseKoBitState.part00185: 1315036
SparseKoBitState.part00186: 0
SparseKoBitState.part00187: 0
SparseKoBitState.part00188: 0
SparseKoBitState.part00189: 0
SparseKoBitState.part00190: 18557059
SparseKoBitState.part00191: 23224317
SparseKoBitState.part00192: 0
SparseKoBitState.part00193: 3972578
SparseKoBitState.part00194: 30962833
SparseKoBitState.part00195: 0
SparseKoBitState.part00196: 0
SparseKoBitState.part00197: 8605179
SparseKoBitState.part00198: 51156
SparseKoBitState.part00199: 0
SparseKoBitState.part00200: 31202040
SparseKoBitState.part00201: 6835938
SparseKoBitState.part00202: 0
SparseKoBitState.part00203: 16451893
SparseKoBitState.part00204: 20882237
SparseKoBitState.part00205: 0
SparseKoBitState.part00206: 0
SparseKoBitState.part00207: 0
SparseKoBitState.part00208: 0
SparseKoBitState.part00209: 28572
SparseKoBitState.part00210: 60754440
SparseKoBitState.part00211: 557712
SparseKoBitState.part00212: 0
SparseKoBitState.part00213: 51900614
SparseKoBitState.part00214: 2006148
SparseKoBitState.part00215: 0
SparseKoBitState.part00216: 0
SparseKoBitState.part00217: 0
SparseKoBitState.part00218: 0
SparseKoBitState.part00219: 1629739
SparseKoBitState.part00220: 41467443
SparseKoBitState.part00221: 0
SparseKoBitState.part00222: 66458
SparseKoBitState.part00223: 26434722
SparseKoBitState.part00224: 21864
SparseKoBitState.part00225: 0
SparseKoBitState.part00226: 3653070
SparseKoBitState.part00227: 15100
SparseKoBitState.part00228: 0
SparseKoBitState.part00229: 9020620
SparseKoBitState.part00230: 2089801
SparseKoBitState.part00231: 0
SparseKoBitState.part00232: 735747
SparseKoBitState.part00233: 20187278
SparseKoBitState.part00234: 0
SparseKoBitState.part00235: 0
SparseKoBitState.part00236: 0
SparseKoBitState.part00237: 0
SparseKoBitState.part00238: 0
SparseKoBitState.part00239: 2324553
SparseKoBitState.part00240: 950274
SparseKoBitState.part00241: 0
SparseKoBitState.part00242: 3504981
SparseKoBitState.part00243: 3172877
SparseKoBitState.part00244: 0
SparseKoBitState.part00245: 0
SparseKoBitState.part00246: 0
SparseKoBitState.part00247: 0
SparseKoBitState.part00248: 35286
SparseKoBitState.part00249: 757535
SparseKoBitState.part00250: 12686
SparseKoBitState.part00251: 0
SparseKoBitState.part00252: 189519
SparseKoBitState.part00253: 64230
SparseKoBitState.part00254: 0
SparseKoBitState.part00255: 2074
SparseKoBitState.part00256: 937
SparseKoBitState.part00257: 0
SparseKoBitState.part00258: 83528
SparseKoBitState.part00259: 183627
SparseKoBitState.part00260: 0
SparseKoBitState.part00261: 14350
SparseKoBitState.part00262: 183217
SparseKoBitState.part00263: 1012
SparseKoBitState.part00264: 0
SparseKoBitState.part00265: 0
SparseKoBitState.part00266: 5829707
SparseKoBitState.part00267: 6297613
SparseKoBitState.part00268: 3789700
SparseKoBitState.part00269: 4543315
SparseKoBitState.part00270: 8750277
SparseKoBitState.part00271: 9624803
SparseKoBitState.part00272: 9151811
SparseKoBitState.part00273: 0
SparseKoBitState.part00274: 0
SparseKoBitState.part00275: 0
SparseKoBitState.part00276: 7488979
SparseKoBitState.part00277: 9247829
SparseKoBitState.part00278: 10794075
SparseKoBitState.part00279: 10649561
SparseKoBitState.part00280: 12648272
SparseKoBitState.part00281: 14496788
SparseKoBitState.part00282: 7335589
SparseKoBitState.part00283: 0
SparseKoBitState.part00284: 0
SparseKoBitState.part00285: 724976
SparseKoBitState.part00286: 3206320
SparseKoBitState.part00287: 4428088
SparseKoBitState.part00288: 5162056
SparseKoBitState.part00289: 5494485
SparseKoBitState.part00290: 8154829
SparseKoBitState.part00291: 9636467
SparseKoBitState.part00292: 1940891
SparseKoBitState.part00293: 0
SparseKoBitState.part00294: 0
SparseKoBitState.part00295: 2242401
SparseKoBitState.part00296: 4601773
SparseKoBitState.part00297: 3741416
SparseKoBitState.part00298: 2143044
SparseKoBitState.part00299: 5299194
SparseKoBitState.part00300: 8252555
SparseKoBitState.part00301: 9135092
SparseKoBitState.part00302: 5633
SparseKoBitState.part00303: 0
SparseKoBitState.part00304: 0
SparseKoBitState.part00305: 2901842
SparseKoBitState.part00306: 6176782
SparseKoBitState.part00307: 7617414
SparseKoBitState.part00308: 6398529
SparseKoBitState.part00309: 7683798
SparseKoBitState.part00310: 11911290
SparseKoBitState.part00311: 8282698
SparseKoBitState.part00312: 0
SparseKoBitState.part00313: 0
SparseKoBitState.part00314: 5116
SparseKoBitState.part00315: 758985
SparseKoBitState.part00316: 1788259
SparseKoBitState.part00317: 2168339
SparseKoBitState.part00318: 2222129
SparseKoBitState.part00319: 5012614
SparseKoBitState.part00320: 6570938
SparseKoBitState.part00321: 3040880
SparseKoBitState.part00322: 0
SparseKoBitState.part00323: 0
SparseKoBitState.part00324: 527330
SparseKoBitState.part00325: 2290741
SparseKoBitState.part00326: 3653405
SparseKoBitState.part00327: 1381963
SparseKoBitState.part00328: 4134889
SparseKoBitState.part00329: 15884243
SparseKoBitState.part00330: 16746646
SparseKoBitState.part00331: 3255835
SparseKoBitState.part00332: 0
SparseKoBitState.part00333: 0
SparseKoBitState.part00334: 218671
SparseKoBitState.part00335: 1988901
SparseKoBitState.part00336: 3363607
SparseKoBitState.part00337: 3085980
SparseKoBitState.part00338: 720660
SparseKoBitState.part00339: 2295747
SparseKoBitState.part00340: 2669535
SparseKoBitState.part00341: 0
SparseKoBitState.part00342: 0
SparseKoBitState.part00343: 0
SparseKoBitState.part00344: 86932
SparseKoBitState.part00345: 1388404
SparseKoBitState.part00346: 2093909
SparseKoBitState.part00347: 887698
SparseKoBitState.part00348: 2887103
SparseKoBitState.part00349: 5582571
SparseKoBitState.part00350: 4700670
SparseKoBitState.part00351: 0
SparseKoBitState.part00352: 0
SparseKoBitState.part00353: 0
SparseKoBitState.part00354: 0
SparseKoBitState.part00355: 0
SparseKoBitState.part00356: 0
SparseKoBitState.part00357: 0
SparseKoBitState.part00358: 4160902
SparseKoBitState.part00359: 5985111
SparseKoBitState.part00360: 2452251
SparseKoBitState.part00361: 0
SparseKoBitState.part00362: 0
SparseKoBitState.part00363: 0
SparseKoBitState.part00364: 725838
SparseKoBitState.part00365: 2429288
SparseKoBitState.part00366: 949839
SparseKoBitState.part00367: 0
SparseKoBitState.part00368: 5702463
SparseKoBitState.part00369: 6719174
SparseKoBitState.part00370: 1329321
SparseKoBitState.part00371: 0
SparseKoBitState.part00372: 0
SparseKoBitState.part00373: 0
SparseKoBitState.part00374: 470773
SparseKoBitState.part00375: 977572
SparseKoBitState.part00376: 821366
SparseKoBitState.part00377: 956594
SparseKoBitState.part00378: 3855009
SparseKoBitState.part00379: 4797554
SparseKoBitState.part00380: 0
SparseKoBitState.part00381: 0
SparseKoBitState.part00382: 0
SparseKoBitState.part00383: 0
SparseKoBitState.part00384: 0
SparseKoBitState.part00385: 0
SparseKoBitState.part00386: 0
SparseKoBitState.part00387: 1795291
SparseKoBitState.part00388: 3777217
SparseKoBitState.part00389: 3402552
SparseKoBitState.part00390: 0
SparseKoBitState.part00391: 0
SparseKoBitState.part00392: 0
SparseKoBitState.part00393: 0
SparseKoBitState.part00394: 1315374
SparseKoBitState.part00395: 831713
SparseKoBitState.part00396: 12746
SparseKoBitState.part00397: 2212431
SparseKoBitState.part00398: 4283579
SparseKoBitState.part00399: 1449641
SparseKoBitState.part00400: 0
SparseKoBitState.part00401: 0
SparseKoBitState.part00402: 0
SparseKoBitState.part00403: 40300
SparseKoBitState.part00404: 173591
SparseKoBitState.part00405: 199250
SparseKoBitState.part00406: 0
SparseKoBitState.part00407: 1648455
SparseKoBitState.part00408: 2989501
SparseKoBitState.part00409: 79263
SparseKoBitState.part00410: 0
SparseKoBitState.part00411: 0
SparseKoBitState.part00412: 0
SparseKoBitState.part00413: 0
SparseKoBitState.part00414: 0
SparseKoBitState.part00415: 0
SparseKoBitState.part00416: 1265319
SparseKoBitState.part00417: 2648767
SparseKoBitState.part00418: 7454176
SparseKoBitState.part00419: 0
SparseKoBitState.part00420: 0
SparseKoBitState.part00421: 0
SparseKoBitState.part00422: 0
SparseKoBitState.part00423: 37659
SparseKoBitState.part00424: 174178
SparseKoBitState.part00425: 0
SparseKoBitState.part00426: 38658
SparseKoBitState.part00427: 567810
SparseKoBitState.part00428: 67726
SparseKoBitState.part00429: 0
SparseKoBitState.part00430: 0
SparseKoBitState.part00431: 0
SparseKoBitState.part00432: 36
SparseKoBitState.part00433: 756
SparseKoBitState.part00434: 37270
SparseKoBitState.part00435: 0
SparseKoBitState.part00436: 74963
SparseKoBitState.part00437: 2256735
SparseKoBitState.part00438: 23805
SparseKoBitState.part00439: 0
SparseKoBitState.part00440: 0
SparseKoBitState.part00441: 0
SparseKoBitState.part00442: 0
SparseKoBitState.part00443: 0
SparseKoBitState.part00444: 0
SparseKoBitState.part00445: 0
SparseKoBitState.part00446: 0
SparseKoBitState.part00447: 0
SparseKoBitState.part00448: 0
SparseKoBitState.part00449: 0
SparseKoBitState.part00450: 0
SparseKoBitState.part00451: 0
SparseKoBitState.part00452: 0
SparseKoBitState.part00453: 0
SparseKoBitState.part00454: 0
SparseKoBitState.part00455: 0
SparseKoBitState.part00456: 0
SparseKoBitState.part00457: 0
SparseKoBitState.part00458: 0
SparseKoBitState.part00459: 0
SparseKoBitState.part00460: 0
SparseKoBitState.part00461: 0
SparseKoBitState.part00462: 0
SparseKoBitState.part00463: 0
SparseKoBitState.part00464: 0
SparseKoBitState.part00465: 0
SparseKoBitState.part00466: 0
SparseKoBitState.part00467: 0
SparseKoBitState.part00468: 0
SparseKoBitState.part00469: 0
SparseKoBitState.part00470: 0
SparseKoBitState.part00471: 0
SparseKoBitState.part00472: 0
SparseKoBitState.part00473: 0
SparseKoBitState.part00474: 0
SparseKoBitState.part00475: 0
SparseKoBitState.part00476: 0
SparseKoBitState.part00477: 0
SparseKoBitState.part00478: 0
SparseKoBitState.part00479: 0
SparseKoBitState.part00480: 0
SparseKoBitState.part00481: 0
SparseKoBitState.part00482: 0
SparseKoBitState.part00483: 0
SparseKoBitState.part00484: 0
SparseKoBitState.part00485: 0
SparseKoBitState.part00486: 0
SparseKoBitState.part00487: 0
SparseKoBitState.part00488: 0
SparseKoBitState.part00489: 0
SparseKoBitState.part00490: 0
SparseKoBitState.part00491: 0
SparseKoBitState.part00492: 0
SparseKoBitState.part00493: 0
SparseKoBitState.part00494: 0
SparseKoBitState.part00495: 0
SparseKoBitState.part00496: 0
SparseKoBitState.part00497: 0
SparseKoBitState.part00498: 0
SparseKoBitState.part00499: 0
SparseKoBitState.part00500: 0
SparseKoBitState.part00501: 0
SparseKoBitState.part00502: 0
SparseKoBitState.part00503: 0
SparseKoBitState.part00504: 0
SparseKoBitState.part00505: 0
SparseKoBitState.part00506: 0
SparseKoBitState.part00507: 0
SparseKoBitState.part00508: 0
SparseKoBitState.part00509: 0
SparseKoBitState.part00510: 0
SparseKoBitState.part00511: 0
SparseKoBitState.part00512: 0
SparseKoBitState.part00513: 0
SparseKoBitState.part00514: 0
SparseKoBitState.part00515: 0
SparseKoBitState.part00516: 0
SparseKoBitState.part00517: 0
SparseKoBitState.part00518: 0
SparseKoBitState.part00519: 0
SparseKoBitState.part00520: 0
SparseKoBitState.part00521: 0
SparseKoBitState.part00522: 0
SparseKoBitState.part00523: 0
SparseKoBitState.part00524: 0
SparseKoBitState.part00525: 0
SparseKoBitState.part00526: 0
SparseKoBitState.part00527: 0
SparseKoBitState.part00528: 0
SparseKoBitState.part00529: 0
SparseKoBitState.part00530: 0
SparseKoBitState.part00531: 0
SparseKoBitState.part00532: 1288134
SparseKoBitState.part00533: 2627714
SparseKoBitState.part00534: 1063669
SparseKoBitState.part00535: 323297
SparseKoBitState.part00536: 0
SparseKoBitState.part00537: 0
SparseKoBitState.part00538: 0
SparseKoBitState.part00539: 0
SparseKoBitState.part00540: 0
SparseKoBitState.part00541: 0
SparseKoBitState.part00542: 2539484
SparseKoBitState.part00543: 4080586
SparseKoBitState.part00544: 3065245
SparseKoBitState.part00545: 2062619
SparseKoBitState.part00546: 0
SparseKoBitState.part00547: 0
SparseKoBitState.part00548: 0
SparseKoBitState.part00549: 0
SparseKoBitState.part00550: 0
SparseKoBitState.part00551: 0
SparseKoBitState.part00552: 2011770
SparseKoBitState.part00553: 2515109
SparseKoBitState.part00554: 2012464
SparseKoBitState.part00555: 573989
SparseKoBitState.part00556: 0
SparseKoBitState.part00557: 0
SparseKoBitState.part00558: 0
SparseKoBitState.part00559: 0
SparseKoBitState.part00560: 0
SparseKoBitState.part00561: 336381
SparseKoBitState.part00562: 1466367
SparseKoBitState.part00563: 988486
SparseKoBitState.part00564: 362943
SparseKoBitState.part00565: 12685
SparseKoBitState.part00566: 0
SparseKoBitState.part00567: 0
SparseKoBitState.part00568: 0
SparseKoBitState.part00569: 0
SparseKoBitState.part00570: 0
SparseKoBitState.part00571: 734176
SparseKoBitState.part00572: 1993555
SparseKoBitState.part00573: 1904054
SparseKoBitState.part00574: 1809965
SparseKoBitState.part00575: 0
SparseKoBitState.part00576: 0
SparseKoBitState.part00577: 0
SparseKoBitState.part00578: 0
SparseKoBitState.part00579: 0
SparseKoBitState.part00580: 0
SparseKoBitState.part00581: 412661
SparseKoBitState.part00582: 1248936
SparseKoBitState.part00583: 909209
SparseKoBitState.part00584: 535388
SparseKoBitState.part00585: 0
SparseKoBitState.part00586: 0
SparseKoBitState.part00587: 0
SparseKoBitState.part00588: 0
SparseKoBitState.part00589: 0
SparseKoBitState.part00590: 0
SparseKoBitState.part00591: 786100
SparseKoBitState.part00592: 2057420
SparseKoBitState.part00593: 875802
SparseKoBitState.part00594: 19841
SparseKoBitState.part00595: 0
SparseKoBitState.part00596: 0
SparseKoBitState.part00597: 0
SparseKoBitState.part00598: 0
SparseKoBitState.part00599: 0
SparseKoBitState.part00600: 9010
SparseKoBitState.part00601: 214824
SparseKoBitState.part00602: 883444
SparseKoBitState.part00603: 612377
SparseKoBitState.part00604: 0
SparseKoBitState.part00605: 0
SparseKoBitState.part00606: 0
SparseKoBitState.part00607: 0
SparseKoBitState.part00608: 0
SparseKoBitState.part00609: 0
SparseKoBitState.part00610: 11856
SparseKoBitState.part00611: 143856
SparseKoBitState.part00612: 1532276
SparseKoBitState.part00613: 29908
SparseKoBitState.part00614: 0
SparseKoBitState.part00615: 0
SparseKoBitState.part00616: 0
SparseKoBitState.part00617: 0
SparseKoBitState.part00618: 0
SparseKoBitState.part00619: 0
SparseKoBitState.part00620: 0
SparseKoBitState.part00621: 0
SparseKoBitState.part00622: 0
SparseKoBitState.part00623: 0
SparseKoBitState.part00624: 0
SparseKoBitState.part00625: 0
SparseKoBitState.part00626: 0
SparseKoBitState.part00627: 0
SparseKoBitState.part00628: 0
SparseKoBitState.part00629: 0
SparseKoBitState.part00630: 0
SparseKoBitState.part00631: 0
SparseKoBitState.part00632: 7660
SparseKoBitState.part00633: 189
SparseKoBitState.part00634: 0
SparseKoBitState.part00635: 0
SparseKoBitState.part00636: 0
SparseKoBitState.part00637: 0
SparseKoBitState.part00638: 0
SparseKoBitState.part00639: 0
SparseKoBitState.part00640: 0
SparseKoBitState.part00641: 1673
SparseKoBitState.part00642: 16765
SparseKoBitState.part00643: 0
SparseKoBitState.part00644: 0
SparseKoBitState.part00645: 0
SparseKoBitState.part00646: 0
SparseKoBitState.part00647: 0
SparseKoBitState.part00648: 0
SparseKoBitState.part00649: 0
SparseKoBitState.part00650: 0
SparseKoBitState.part00651: 0
SparseKoBitState.part00652: 0
SparseKoBitState.part00653: 0
SparseKoBitState.part00654: 0
SparseKoBitState.part00655: 0
SparseKoBitState.part00656: 0
SparseKoBitState.part00657: 0
SparseKoBitState.part00658: 0
SparseKoBitState.part00659: 0
SparseKoBitState.part00660: 0
SparseKoBitState.part00661: 3567
SparseKoBitState.part00662: 136
SparseKoBitState.part00663: 0
SparseKoBitState.part00664: 0
SparseKoBitState.part00665: 0
SparseKoBitState.part00666: 0
SparseKoBitState.part00667: 0
SparseKoBitState.part00668: 0
SparseKoBitState.part00669: 0
SparseKoBitState.part00670: 0
SparseKoBitState.part00671: 6759
SparseKoBitState.part00672: 282
SparseKoBitState.part00673: 0
SparseKoBitState.part00674: 0
SparseKoBitState.part00675: 0
SparseKoBitState.part00676: 0
SparseKoBitState.part00677: 0
SparseKoBitState.part00678: 0
SparseKoBitState.part00679: 0
SparseKoBitState.part00680: 0
SparseKoBitState.part00681: 0
SparseKoBitState.part00682: 0
SparseKoBitState.part00683: 0
SparseKoBitState.part00684: 0
SparseKoBitState.part00685: 0
SparseKoBitState.part00686: 0
SparseKoBitState.part00687: 0
SparseKoBitState.part00688: 0
SparseKoBitState.part00689: 0
SparseKoBitState.part00690: 417
SparseKoBitState.part00691: 201
SparseKoBitState.part00692: 0
SparseKoBitState.part00693: 0
SparseKoBitState.part00694: 0
SparseKoBitState.part00695: 0
SparseKoBitState.part00696: 0
SparseKoBitState.part00697: 0
SparseKoBitState.part00698: 0
SparseKoBitState.part00699: 0
SparseKoBitState.part00700: 2586
SparseKoBitState.part00701: 34
SparseKoBitState.part00702: 0
SparseKoBitState.part00703: 0
SparseKoBitState.part00704: 0
SparseKoBitState.part00705: 0
SparseKoBitState.part00706: 0
SparseKoBitState.part00707: 0
SparseKoBitState.part00708: 0
SparseKoBitState.part00709: 0
SparseKoBitState.part00710: 0
SparseKoBitState.part00711: 0
SparseKoBitState.part00712: 0
SparseKoBitState.part00713: 0
SparseKoBitState.part00714: 0
SparseKoBitState.part00715: 0
SparseKoBitState.part00716: 0
SparseKoBitState.part00717: 0
SparseKoBitState.part00718: 0
SparseKoBitState.part00719: 0
SparseKoBitState.part00720: 0
SparseKoBitState.part00721: 0
SparseKoBitState.part00722: 0
SparseKoBitState.part00723: 0
SparseKoBitState.part00724: 0
SparseKoBitState.part00725: 0
SparseKoBitState.part00726: 0
SparseKoBitState.part00727: 0
SparseKoBitState.part00728: 0
SparseKoBitState.part00729: 604
SparseKoBitState.part00730: 713
SparseKoBitState.part00731: 0
SparseKoBitState.part00732: 0
SparseKoBitState.part00733: 0
SparseKoBitState.part00734: 0
SparseKoBitState.part00735: 0
SparseKoBitState.part00736: 0
SparseKoBitState.part00737: 0
SparseKoBitState.part00738: 0
SparseKoBitState.part00739: 0
SparseKoBitState.part00740: 0
SparseKoBitState.part00741: 0
SparseKoBitState.part00742: 0
SparseKoBitState.part00743: 0
SparseKoBitState.part00744: 0
SparseKoBitState.part00745: 0
SparseKoBitState.part00746: 0
SparseKoBitState.part00747: 0
SparseKoBitState.part00748: 0
SparseKoBitState.part00749: 0
SparseKoBitState.part00750: 0
SparseKoBitState.part00751: 0
SparseKoBitState.part00752: 0
SparseKoBitState.part00753: 0
SparseKoBitState.part00754: 0
SparseKoBitState.part00755: 0
SparseKoBitState.part00756: 0
SparseKoBitState.part00757: 0
SparseKoBitState.part00758: 5
SparseKoBitState.part00759: 5
SparseKoBitState.part00760: 0
SparseKoBitState.part00761: 0
SparseKoBitState.part00762: 0
SparseKoBitState.part00763: 0
SparseKoBitState.part00764: 0
SparseKoBitState.part00765: 0
SparseKoBitState.part00766: 0
SparseKoBitState.part00767: 0
SparseKoBitState.part00768: 0
SparseKoBitState.part00769: 0
SparseKoBitState.part00770: 0
SparseKoBitState.part00771: 0
SparseKoBitState.part00772: 0
SparseKoBitState.part00773: 0
SparseKoBitState.part00774: 0
SparseKoBitState.part00775: 0
SparseKoBitState.part00776: 0
SparseKoBitState.part00777: 0
SparseKoBitState.part00778: 0
SparseKoBitState.part00779: 0
SparseKoBitState.part00780: 0
SparseKoBitState.part00781: 0
SparseKoBitState.part00782: 0
SparseKoBitState.part00783: 0
SparseKoBitState.part00784: 0
SparseKoBitState.part00785: 0
SparseKoBitState.part00786: 0
SparseKoBitState.part00787: 0
SparseKoBitState.part00788: 2
SparseKoBitState.part00789: 0

maximum_ko_per_serial: 6
SparseKoBitState.part00000: 3
SparseKoBitState.part00001: 3
SparseKoBitState.part00002: 4
SparseKoBitState.part00003: 3
SparseKoBitState.part00004: 3
SparseKoBitState.part00005: 4
SparseKoBitState.part00006: 4
SparseKoBitState.part00007: 3
SparseKoBitState.part00008: 3
SparseKoBitState.part00009: 4
SparseKoBitState.part00010: 3
SparseKoBitState.part00011: 3
SparseKoBitState.part00012: 4
SparseKoBitState.part00013: 3
SparseKoBitState.part00014: 3
SparseKoBitState.part00015: 4
SparseKoBitState.part00016: 4
SparseKoBitState.part00017: 4
SparseKoBitState.part00018: 4
SparseKoBitState.part00019: 4
SparseKoBitState.part00020: 4
SparseKoBitState.part00021: 4
SparseKoBitState.part00022: 4
SparseKoBitState.part00023: 3
SparseKoBitState.part00024: 3
SparseKoBitState.part00025: 3
SparseKoBitState.part00026: 3
SparseKoBitState.part00027: 3
SparseKoBitState.part00028: 4
SparseKoBitState.part00029: 3
SparseKoBitState.part00030: 3
SparseKoBitState.part00031: 4
SparseKoBitState.part00032: 3
SparseKoBitState.part00033: 3
SparseKoBitState.part00034: 3
SparseKoBitState.part00035: 4
SparseKoBitState.part00036: 3
SparseKoBitState.part00037: 3
SparseKoBitState.part00038: 4
SparseKoBitState.part00039: 3
SparseKoBitState.part00040: 3
SparseKoBitState.part00041: 4
SparseKoBitState.part00042: 3
SparseKoBitState.part00043: 3
SparseKoBitState.part00044: 4
SparseKoBitState.part00045: 4
SparseKoBitState.part00046: 4
SparseKoBitState.part00047: 4
SparseKoBitState.part00048: 4
SparseKoBitState.part00049: 4
SparseKoBitState.part00050: 4
SparseKoBitState.part00051: 5
SparseKoBitState.part00052: 3
SparseKoBitState.part00053: 3
SparseKoBitState.part00054: 3
SparseKoBitState.part00055: 3
SparseKoBitState.part00056: 4
SparseKoBitState.part00057: 4
SparseKoBitState.part00058: 4
SparseKoBitState.part00059: 3
SparseKoBitState.part00060: 3
SparseKoBitState.part00061: 4
SparseKoBitState.part00062: 3
SparseKoBitState.part00063: 3
SparseKoBitState.part00064: 4
SparseKoBitState.part00065: 4
SparseKoBitState.part00066: 4
SparseKoBitState.part00067: 4
SparseKoBitState.part00068: 4
SparseKoBitState.part00069: 3
SparseKoBitState.part00070: 4
SparseKoBitState.part00071: 4
SparseKoBitState.part00072: 3
SparseKoBitState.part00073: 3
SparseKoBitState.part00074: 4
SparseKoBitState.part00075: 3
SparseKoBitState.part00076: 3
SparseKoBitState.part00077: 4
SparseKoBitState.part00078: 3
SparseKoBitState.part00079: 4
SparseKoBitState.part00080: 4
SparseKoBitState.part00081: 4
SparseKoBitState.part00082: 3
SparseKoBitState.part00083: 3
SparseKoBitState.part00084: 3
SparseKoBitState.part00085: 3
SparseKoBitState.part00086: 3
SparseKoBitState.part00087: 4
SparseKoBitState.part00088: 0
SparseKoBitState.part00089: 0
SparseKoBitState.part00090: 0
SparseKoBitState.part00091: 0
SparseKoBitState.part00092: 4
SparseKoBitState.part00093: 4
SparseKoBitState.part00094: 3
SparseKoBitState.part00095: 3
SparseKoBitState.part00096: 4
SparseKoBitState.part00097: 4
SparseKoBitState.part00098: 3
SparseKoBitState.part00099: 4
SparseKoBitState.part00100: 4
SparseKoBitState.part00101: 3
SparseKoBitState.part00102: 4
SparseKoBitState.part00103: 4
SparseKoBitState.part00104: 2
SparseKoBitState.part00105: 4
SparseKoBitState.part00106: 4
SparseKoBitState.part00107: 4
SparseKoBitState.part00108: 4
SparseKoBitState.part00109: 4
SparseKoBitState.part00110: 4
SparseKoBitState.part00111: 3
SparseKoBitState.part00112: 3
SparseKoBitState.part00113: 3
SparseKoBitState.part00114: 3
SparseKoBitState.part00115: 3
SparseKoBitState.part00116: 4
SparseKoBitState.part00117: 0
SparseKoBitState.part00118: 0
SparseKoBitState.part00119: 0
SparseKoBitState.part00120: 0
SparseKoBitState.part00121: 3
SparseKoBitState.part00122: 4
SparseKoBitState.part00123: 3
SparseKoBitState.part00124: 3
SparseKoBitState.part00125: 4
SparseKoBitState.part00126: 4
SparseKoBitState.part00127: 3
SparseKoBitState.part00128: 4
SparseKoBitState.part00129: 4
SparseKoBitState.part00130: 3
SparseKoBitState.part00131: 4
SparseKoBitState.part00132: 4
SparseKoBitState.part00133: 3
SparseKoBitState.part00134: 4
SparseKoBitState.part00135: 4
SparseKoBitState.part00136: 4
SparseKoBitState.part00137: 4
SparseKoBitState.part00138: 5
SparseKoBitState.part00139: 5
SparseKoBitState.part00140: 3
SparseKoBitState.part00141: 3
SparseKoBitState.part00142: 3
SparseKoBitState.part00143: 2
SparseKoBitState.part00144: 4
SparseKoBitState.part00145: 4
SparseKoBitState.part00146: 3
SparseKoBitState.part00147: 0
SparseKoBitState.part00148: 0
SparseKoBitState.part00149: 0
SparseKoBitState.part00150: 3
SparseKoBitState.part00151: 4
SparseKoBitState.part00152: 4
SparseKoBitState.part00153: 4
SparseKoBitState.part00154: 4
SparseKoBitState.part00155: 4
SparseKoBitState.part00156: 2
SparseKoBitState.part00157: 4
SparseKoBitState.part00158: 4
SparseKoBitState.part00159: 3
SparseKoBitState.part00160: 3
SparseKoBitState.part00161: 4
SparseKoBitState.part00162: 3
SparseKoBitState.part00163: 3
SparseKoBitState.part00164: 4
SparseKoBitState.part00165: 3
SparseKoBitState.part00166: 3
SparseKoBitState.part00167: 4
SparseKoBitState.part00168: 4
SparseKoBitState.part00169: 2
SparseKoBitState.part00170: 2
SparseKoBitState.part00171: 3
SparseKoBitState.part00172: 3
SparseKoBitState.part00173: 2
SparseKoBitState.part00174: 4
SparseKoBitState.part00175: 3
SparseKoBitState.part00176: 0
SparseKoBitState.part00177: 0
SparseKoBitState.part00178: 0
SparseKoBitState.part00179: 0
SparseKoBitState.part00180: 3
SparseKoBitState.part00181: 4
SparseKoBitState.part00182: 0
SparseKoBitState.part00183: 0
SparseKoBitState.part00184: 4
SparseKoBitState.part00185: 3
SparseKoBitState.part00186: 0
SparseKoBitState.part00187: 0
SparseKoBitState.part00188: 0
SparseKoBitState.part00189: 0
SparseKoBitState.part00190: 4
SparseKoBitState.part00191: 4
SparseKoBitState.part00192: 0
SparseKoBitState.part00193: 4
SparseKoBitState.part00194: 5
SparseKoBitState.part00195: 0
SparseKoBitState.part00196: 0
SparseKoBitState.part00197: 6
SparseKoBitState.part00198: 3
SparseKoBitState.part00199: 0
SparseKoBitState.part00200: 4
SparseKoBitState.part00201: 4
SparseKoBitState.part00202: 0
SparseKoBitState.part00203: 4
SparseKoBitState.part00204: 4
SparseKoBitState.part00205: 0
SparseKoBitState.part00206: 0
SparseKoBitState.part00207: 0
SparseKoBitState.part00208: 0
SparseKoBitState.part00209: 2
SparseKoBitState.part00210: 4
SparseKoBitState.part00211: 2
SparseKoBitState.part00212: 0
SparseKoBitState.part00213: 4
SparseKoBitState.part00214: 3
SparseKoBitState.part00215: 0
SparseKoBitState.part00216: 0
SparseKoBitState.part00217: 0
SparseKoBitState.part00218: 0
SparseKoBitState.part00219: 3
SparseKoBitState.part00220: 4
SparseKoBitState.part00221: 0
SparseKoBitState.part00222: 2
SparseKoBitState.part00223: 4
SparseKoBitState.part00224: 2
SparseKoBitState.part00225: 0
SparseKoBitState.part00226: 4
SparseKoBitState.part00227: 2
SparseKoBitState.part00228: 0
SparseKoBitState.part00229: 3
SparseKoBitState.part00230: 3
SparseKoBitState.part00231: 0
SparseKoBitState.part00232: 3
SparseKoBitState.part00233: 3
SparseKoBitState.part00234: 0
SparseKoBitState.part00235: 0
SparseKoBitState.part00236: 0
SparseKoBitState.part00237: 0
SparseKoBitState.part00238: 0
SparseKoBitState.part00239: 3
SparseKoBitState.part00240: 3
SparseKoBitState.part00241: 0
SparseKoBitState.part00242: 3
SparseKoBitState.part00243: 3
SparseKoBitState.part00244: 0
SparseKoBitState.part00245: 0
SparseKoBitState.part00246: 0
SparseKoBitState.part00247: 0
SparseKoBitState.part00248: 2
SparseKoBitState.part00249: 2
SparseKoBitState.part00250: 1
SparseKoBitState.part00251: 0
SparseKoBitState.part00252: 2
SparseKoBitState.part00253: 2
SparseKoBitState.part00254: 0
SparseKoBitState.part00255: 2
SparseKoBitState.part00256: 2
SparseKoBitState.part00257: 0
SparseKoBitState.part00258: 2
SparseKoBitState.part00259: 2
SparseKoBitState.part00260: 0
SparseKoBitState.part00261: 2
SparseKoBitState.part00262: 2
SparseKoBitState.part00263: 2
SparseKoBitState.part00264: 0
SparseKoBitState.part00265: 0
SparseKoBitState.part00266: 3
SparseKoBitState.part00267: 3
SparseKoBitState.part00268: 3
SparseKoBitState.part00269: 3
SparseKoBitState.part00270: 3
SparseKoBitState.part00271: 3
SparseKoBitState.part00272: 3
SparseKoBitState.part00273: 0
SparseKoBitState.part00274: 0
SparseKoBitState.part00275: 0
SparseKoBitState.part00276: 3
SparseKoBitState.part00277: 3
SparseKoBitState.part00278: 3
SparseKoBitState.part00279: 4
SparseKoBitState.part00280: 4
SparseKoBitState.part00281: 4
SparseKoBitState.part00282: 4
SparseKoBitState.part00283: 0
SparseKoBitState.part00284: 0
SparseKoBitState.part00285: 3
SparseKoBitState.part00286: 3
SparseKoBitState.part00287: 3
SparseKoBitState.part00288: 3
SparseKoBitState.part00289: 3
SparseKoBitState.part00290: 3
SparseKoBitState.part00291: 3
SparseKoBitState.part00292: 3
SparseKoBitState.part00293: 0
SparseKoBitState.part00294: 0
SparseKoBitState.part00295: 3
SparseKoBitState.part00296: 3
SparseKoBitState.part00297: 3
SparseKoBitState.part00298: 3
SparseKoBitState.part00299: 3
SparseKoBitState.part00300: 3
SparseKoBitState.part00301: 3
SparseKoBitState.part00302: 2
SparseKoBitState.part00303: 0
SparseKoBitState.part00304: 0
SparseKoBitState.part00305: 3
SparseKoBitState.part00306: 3
SparseKoBitState.part00307: 3
SparseKoBitState.part00308: 4
SparseKoBitState.part00309: 4
SparseKoBitState.part00310: 4
SparseKoBitState.part00311: 4
SparseKoBitState.part00312: 0
SparseKoBitState.part00313: 0
SparseKoBitState.part00314: 2
SparseKoBitState.part00315: 3
SparseKoBitState.part00316: 3
SparseKoBitState.part00317: 3
SparseKoBitState.part00318: 3
SparseKoBitState.part00319: 4
SparseKoBitState.part00320: 3
SparseKoBitState.part00321: 3
SparseKoBitState.part00322: 0
SparseKoBitState.part00323: 0
SparseKoBitState.part00324: 3
SparseKoBitState.part00325: 3
SparseKoBitState.part00326: 3
SparseKoBitState.part00327: 3
SparseKoBitState.part00328: 3
SparseKoBitState.part00329: 4
SparseKoBitState.part00330: 4
SparseKoBitState.part00331: 3
SparseKoBitState.part00332: 0
SparseKoBitState.part00333: 0
SparseKoBitState.part00334: 2
SparseKoBitState.part00335: 3
SparseKoBitState.part00336: 3
SparseKoBitState.part00337: 3
SparseKoBitState.part00338: 3
SparseKoBitState.part00339: 3
SparseKoBitState.part00340: 3
SparseKoBitState.part00341: 0
SparseKoBitState.part00342: 0
SparseKoBitState.part00343: 0
SparseKoBitState.part00344: 2
SparseKoBitState.part00345: 3
SparseKoBitState.part00346: 3
SparseKoBitState.part00347: 3
SparseKoBitState.part00348: 3
SparseKoBitState.part00349: 3
SparseKoBitState.part00350: 3
SparseKoBitState.part00351: 0
SparseKoBitState.part00352: 0
SparseKoBitState.part00353: 0
SparseKoBitState.part00354: 0
SparseKoBitState.part00355: 0
SparseKoBitState.part00356: 0
SparseKoBitState.part00357: 0
SparseKoBitState.part00358: 3
SparseKoBitState.part00359: 3
SparseKoBitState.part00360: 3
SparseKoBitState.part00361: 0
SparseKoBitState.part00362: 0
SparseKoBitState.part00363: 0
SparseKoBitState.part00364: 3
SparseKoBitState.part00365: 4
SparseKoBitState.part00366: 3
SparseKoBitState.part00367: 0
SparseKoBitState.part00368: 4
SparseKoBitState.part00369: 4
SparseKoBitState.part00370: 3
SparseKoBitState.part00371: 0
SparseKoBitState.part00372: 0
SparseKoBitState.part00373: 0
SparseKoBitState.part00374: 3
SparseKoBitState.part00375: 3
SparseKoBitState.part00376: 3
SparseKoBitState.part00377: 3
SparseKoBitState.part00378: 3
SparseKoBitState.part00379: 3
SparseKoBitState.part00380: 0
SparseKoBitState.part00381: 0
SparseKoBitState.part00382: 0
SparseKoBitState.part00383: 0
SparseKoBitState.part00384: 0
SparseKoBitState.part00385: 0
SparseKoBitState.part00386: 0
SparseKoBitState.part00387: 3
SparseKoBitState.part00388: 3
SparseKoBitState.part00389: 3
SparseKoBitState.part00390: 0
SparseKoBitState.part00391: 0
SparseKoBitState.part00392: 0
SparseKoBitState.part00393: 0
SparseKoBitState.part00394: 3
SparseKoBitState.part00395: 3
SparseKoBitState.part00396: 2
SparseKoBitState.part00397: 4
SparseKoBitState.part00398: 4
SparseKoBitState.part00399: 3
SparseKoBitState.part00400: 0
SparseKoBitState.part00401: 0
SparseKoBitState.part00402: 0
SparseKoBitState.part00403: 3
SparseKoBitState.part00404: 3
SparseKoBitState.part00405: 3
SparseKoBitState.part00406: 0
SparseKoBitState.part00407: 3
SparseKoBitState.part00408: 3
SparseKoBitState.part00409: 2
SparseKoBitState.part00410: 0
SparseKoBitState.part00411: 0
SparseKoBitState.part00412: 0
SparseKoBitState.part00413: 0
SparseKoBitState.part00414: 0
SparseKoBitState.part00415: 0
SparseKoBitState.part00416: 4
SparseKoBitState.part00417: 4
SparseKoBitState.part00418: 4
SparseKoBitState.part00419: 0
SparseKoBitState.part00420: 0
SparseKoBitState.part00421: 0
SparseKoBitState.part00422: 0
SparseKoBitState.part00423: 2
SparseKoBitState.part00424: 3
SparseKoBitState.part00425: 0
SparseKoBitState.part00426: 2
SparseKoBitState.part00427: 3
SparseKoBitState.part00428: 2
SparseKoBitState.part00429: 0
SparseKoBitState.part00430: 0
SparseKoBitState.part00431: 0
SparseKoBitState.part00432: 1
SparseKoBitState.part00433: 1
SparseKoBitState.part00434: 2
SparseKoBitState.part00435: 0
SparseKoBitState.part00436: 2
SparseKoBitState.part00437: 3
SparseKoBitState.part00438: 2
SparseKoBitState.part00439: 0
SparseKoBitState.part00440: 0
SparseKoBitState.part00441: 0
SparseKoBitState.part00442: 0
SparseKoBitState.part00443: 0
SparseKoBitState.part00444: 0
SparseKoBitState.part00445: 0
SparseKoBitState.part00446: 0
SparseKoBitState.part00447: 0
SparseKoBitState.part00448: 0
SparseKoBitState.part00449: 0
SparseKoBitState.part00450: 0
SparseKoBitState.part00451: 0
SparseKoBitState.part00452: 0
SparseKoBitState.part00453: 0
SparseKoBitState.part00454: 0
SparseKoBitState.part00455: 0
SparseKoBitState.part00456: 0
SparseKoBitState.part00457: 0
SparseKoBitState.part00458: 0
SparseKoBitState.part00459: 0
SparseKoBitState.part00460: 0
SparseKoBitState.part00461: 0
SparseKoBitState.part00462: 0
SparseKoBitState.part00463: 0
SparseKoBitState.part00464: 0
SparseKoBitState.part00465: 0
SparseKoBitState.part00466: 0
SparseKoBitState.part00467: 0
SparseKoBitState.part00468: 0
SparseKoBitState.part00469: 0
SparseKoBitState.part00470: 0
SparseKoBitState.part00471: 0
SparseKoBitState.part00472: 0
SparseKoBitState.part00473: 0
SparseKoBitState.part00474: 0
SparseKoBitState.part00475: 0
SparseKoBitState.part00476: 0
SparseKoBitState.part00477: 0
SparseKoBitState.part00478: 0
SparseKoBitState.part00479: 0
SparseKoBitState.part00480: 0
SparseKoBitState.part00481: 0
SparseKoBitState.part00482: 0
SparseKoBitState.part00483: 0
SparseKoBitState.part00484: 0
SparseKoBitState.part00485: 0
SparseKoBitState.part00486: 0
SparseKoBitState.part00487: 0
SparseKoBitState.part00488: 0
SparseKoBitState.part00489: 0
SparseKoBitState.part00490: 0
SparseKoBitState.part00491: 0
SparseKoBitState.part00492: 0
SparseKoBitState.part00493: 0
SparseKoBitState.part00494: 0
SparseKoBitState.part00495: 0
SparseKoBitState.part00496: 0
SparseKoBitState.part00497: 0
SparseKoBitState.part00498: 0
SparseKoBitState.part00499: 0
SparseKoBitState.part00500: 0
SparseKoBitState.part00501: 0
SparseKoBitState.part00502: 0
SparseKoBitState.part00503: 0
SparseKoBitState.part00504: 0
SparseKoBitState.part00505: 0
SparseKoBitState.part00506: 0
SparseKoBitState.part00507: 0
SparseKoBitState.part00508: 0
SparseKoBitState.part00509: 0
SparseKoBitState.part00510: 0
SparseKoBitState.part00511: 0
SparseKoBitState.part00512: 0
SparseKoBitState.part00513: 0
SparseKoBitState.part00514: 0
SparseKoBitState.part00515: 0
SparseKoBitState.part00516: 0
SparseKoBitState.part00517: 0
SparseKoBitState.part00518: 0
SparseKoBitState.part00519: 0
SparseKoBitState.part00520: 0
SparseKoBitState.part00521: 0
SparseKoBitState.part00522: 0
SparseKoBitState.part00523: 0
SparseKoBitState.part00524: 0
SparseKoBitState.part00525: 0
SparseKoBitState.part00526: 0
SparseKoBitState.part00527: 0
SparseKoBitState.part00528: 0
SparseKoBitState.part00529: 0
SparseKoBitState.part00530: 0
SparseKoBitState.part00531: 0
SparseKoBitState.part00532: 3
SparseKoBitState.part00533: 3
SparseKoBitState.part00534: 3
SparseKoBitState.part00535: 3
SparseKoBitState.part00536: 0
SparseKoBitState.part00537: 0
SparseKoBitState.part00538: 0
SparseKoBitState.part00539: 0
SparseKoBitState.part00540: 0
SparseKoBitState.part00541: 0
SparseKoBitState.part00542: 4
SparseKoBitState.part00543: 4
SparseKoBitState.part00544: 4
SparseKoBitState.part00545: 4
SparseKoBitState.part00546: 0
SparseKoBitState.part00547: 0
SparseKoBitState.part00548: 0
SparseKoBitState.part00549: 0
SparseKoBitState.part00550: 0
SparseKoBitState.part00551: 0
SparseKoBitState.part00552: 3
SparseKoBitState.part00553: 3
SparseKoBitState.part00554: 3
SparseKoBitState.part00555: 3
SparseKoBitState.part00556: 0
SparseKoBitState.part00557: 0
SparseKoBitState.part00558: 0
SparseKoBitState.part00559: 0
SparseKoBitState.part00560: 0
SparseKoBitState.part00561: 3
SparseKoBitState.part00562: 3
SparseKoBitState.part00563: 3
SparseKoBitState.part00564: 3
SparseKoBitState.part00565: 2
SparseKoBitState.part00566: 0
SparseKoBitState.part00567: 0
SparseKoBitState.part00568: 0
SparseKoBitState.part00569: 0
SparseKoBitState.part00570: 0
SparseKoBitState.part00571: 4
SparseKoBitState.part00572: 4
SparseKoBitState.part00573: 4
SparseKoBitState.part00574: 4
SparseKoBitState.part00575: 0
SparseKoBitState.part00576: 0
SparseKoBitState.part00577: 0
SparseKoBitState.part00578: 0
SparseKoBitState.part00579: 0
SparseKoBitState.part00580: 0
SparseKoBitState.part00581: 3
SparseKoBitState.part00582: 3
SparseKoBitState.part00583: 3
SparseKoBitState.part00584: 3
SparseKoBitState.part00585: 0
SparseKoBitState.part00586: 0
SparseKoBitState.part00587: 0
SparseKoBitState.part00588: 0
SparseKoBitState.part00589: 0
SparseKoBitState.part00590: 0
SparseKoBitState.part00591: 4
SparseKoBitState.part00592: 4
SparseKoBitState.part00593: 4
SparseKoBitState.part00594: 2
SparseKoBitState.part00595: 0
SparseKoBitState.part00596: 0
SparseKoBitState.part00597: 0
SparseKoBitState.part00598: 0
SparseKoBitState.part00599: 0
SparseKoBitState.part00600: 2
SparseKoBitState.part00601: 3
SparseKoBitState.part00602: 3
SparseKoBitState.part00603: 4
SparseKoBitState.part00604: 0
SparseKoBitState.part00605: 0
SparseKoBitState.part00606: 0
SparseKoBitState.part00607: 0
SparseKoBitState.part00608: 0
SparseKoBitState.part00609: 0
SparseKoBitState.part00610: 2
SparseKoBitState.part00611: 2
SparseKoBitState.part00612: 3
SparseKoBitState.part00613: 2
SparseKoBitState.part00614: 0
SparseKoBitState.part00615: 0
SparseKoBitState.part00616: 0
SparseKoBitState.part00617: 0
SparseKoBitState.part00618: 0
SparseKoBitState.part00619: 0
SparseKoBitState.part00620: 0
SparseKoBitState.part00621: 0
SparseKoBitState.part00622: 0
SparseKoBitState.part00623: 0
SparseKoBitState.part00624: 0
SparseKoBitState.part00625: 0
SparseKoBitState.part00626: 0
SparseKoBitState.part00627: 0
SparseKoBitState.part00628: 0
SparseKoBitState.part00629: 0
SparseKoBitState.part00630: 0
SparseKoBitState.part00631: 0
SparseKoBitState.part00632: 2
SparseKoBitState.part00633: 1
SparseKoBitState.part00634: 0
SparseKoBitState.part00635: 0
SparseKoBitState.part00636: 0
SparseKoBitState.part00637: 0
SparseKoBitState.part00638: 0
SparseKoBitState.part00639: 0
SparseKoBitState.part00640: 0
SparseKoBitState.part00641: 1
SparseKoBitState.part00642: 2
SparseKoBitState.part00643: 0
SparseKoBitState.part00644: 0
SparseKoBitState.part00645: 0
SparseKoBitState.part00646: 0
SparseKoBitState.part00647: 0
SparseKoBitState.part00648: 0
SparseKoBitState.part00649: 0
SparseKoBitState.part00650: 0
SparseKoBitState.part00651: 0
SparseKoBitState.part00652: 0
SparseKoBitState.part00653: 0
SparseKoBitState.part00654: 0
SparseKoBitState.part00655: 0
SparseKoBitState.part00656: 0
SparseKoBitState.part00657: 0
SparseKoBitState.part00658: 0
SparseKoBitState.part00659: 0
SparseKoBitState.part00660: 0
SparseKoBitState.part00661: 2
SparseKoBitState.part00662: 1
SparseKoBitState.part00663: 0
SparseKoBitState.part00664: 0
SparseKoBitState.part00665: 0
SparseKoBitState.part00666: 0
SparseKoBitState.part00667: 0
SparseKoBitState.part00668: 0
SparseKoBitState.part00669: 0
SparseKoBitState.part00670: 0
SparseKoBitState.part00671: 2
SparseKoBitState.part00672: 1
SparseKoBitState.part00673: 0
SparseKoBitState.part00674: 0
SparseKoBitState.part00675: 0
SparseKoBitState.part00676: 0
SparseKoBitState.part00677: 0
SparseKoBitState.part00678: 0
SparseKoBitState.part00679: 0
SparseKoBitState.part00680: 0
SparseKoBitState.part00681: 0
SparseKoBitState.part00682: 0
SparseKoBitState.part00683: 0
SparseKoBitState.part00684: 0
SparseKoBitState.part00685: 0
SparseKoBitState.part00686: 0
SparseKoBitState.part00687: 0
SparseKoBitState.part00688: 0
SparseKoBitState.part00689: 0
SparseKoBitState.part00690: 1
SparseKoBitState.part00691: 2
SparseKoBitState.part00692: 0
SparseKoBitState.part00693: 0
SparseKoBitState.part00694: 0
SparseKoBitState.part00695: 0
SparseKoBitState.part00696: 0
SparseKoBitState.part00697: 0
SparseKoBitState.part00698: 0
SparseKoBitState.part00699: 0
SparseKoBitState.part00700: 2
SparseKoBitState.part00701: 1
SparseKoBitState.part00702: 0
SparseKoBitState.part00703: 0
SparseKoBitState.part00704: 0
SparseKoBitState.part00705: 0
SparseKoBitState.part00706: 0
SparseKoBitState.part00707: 0
SparseKoBitState.part00708: 0
SparseKoBitState.part00709: 0
SparseKoBitState.part00710: 0
SparseKoBitState.part00711: 0
SparseKoBitState.part00712: 0
SparseKoBitState.part00713: 0
SparseKoBitState.part00714: 0
SparseKoBitState.part00715: 0
SparseKoBitState.part00716: 0
SparseKoBitState.part00717: 0
SparseKoBitState.part00718: 0
SparseKoBitState.part00719: 0
SparseKoBitState.part00720: 0
SparseKoBitState.part00721: 0
SparseKoBitState.part00722: 0
SparseKoBitState.part00723: 0
SparseKoBitState.part00724: 0
SparseKoBitState.part00725: 0
SparseKoBitState.part00726: 0
SparseKoBitState.part00727: 0
SparseKoBitState.part00728: 0
SparseKoBitState.part00729: 2
SparseKoBitState.part00730: 2
SparseKoBitState.part00731: 0
SparseKoBitState.part00732: 0
SparseKoBitState.part00733: 0
SparseKoBitState.part00734: 0
SparseKoBitState.part00735: 0
SparseKoBitState.part00736: 0
SparseKoBitState.part00737: 0
SparseKoBitState.part00738: 0
SparseKoBitState.part00739: 0
SparseKoBitState.part00740: 0
SparseKoBitState.part00741: 0
SparseKoBitState.part00742: 0
SparseKoBitState.part00743: 0
SparseKoBitState.part00744: 0
SparseKoBitState.part00745: 0
SparseKoBitState.part00746: 0
SparseKoBitState.part00747: 0
SparseKoBitState.part00748: 0
SparseKoBitState.part00749: 0
SparseKoBitState.part00750: 0
SparseKoBitState.part00751: 0
SparseKoBitState.part00752: 0
SparseKoBitState.part00753: 0
SparseKoBitState.part00754: 0
SparseKoBitState.part00755: 0
SparseKoBitState.part00756: 0
SparseKoBitState.part00757: 0
SparseKoBitState.part00758: 1
SparseKoBitState.part00759: 1
SparseKoBitState.part00760: 0
SparseKoBitState.part00761: 0
SparseKoBitState.part00762: 0
SparseKoBitState.part00763: 0
SparseKoBitState.part00764: 0
SparseKoBitState.part00765: 0
SparseKoBitState.part00766: 0
SparseKoBitState.part00767: 0
SparseKoBitState.part00768: 0
SparseKoBitState.part00769: 0
SparseKoBitState.part00770: 0
SparseKoBitState.part00771: 0
SparseKoBitState.part00772: 0
SparseKoBitState.part00773: 0
SparseKoBitState.part00774: 0
SparseKoBitState.part00775: 0
SparseKoBitState.part00776: 0
SparseKoBitState.part00777: 0
SparseKoBitState.part00778: 0
SparseKoBitState.part00779: 0
SparseKoBitState.part00780: 0
SparseKoBitState.part00781: 0
SparseKoBitState.part00782: 0
SparseKoBitState.part00783: 0
SparseKoBitState.part00784: 0
SparseKoBitState.part00785: 0
SparseKoBitState.part00786: 0
SparseKoBitState.part00787: 0
SparseKoBitState.part00788: 1
SparseKoBitState.part00789: 0

num_of_max_ko: 2
SparseKoBitState.part00197: 2, 212254457379
eopXD@white:/tmp2/b04705001/test_parallel/SmallBoard/experiment/FindAllPossibleKoCoord$ 
eopXD@white:/tmp2/b04705001/test_parallel/SmallBoard/experiment/FindAllPossibleKoCoord$ ./exec.check_distribution 
MAX_SERIAL: 847288609443
STATE_PER_FILE: 1073741824
NUMBER_OF_FILE: 790
id: 0, number of ko_state: 334276930
id: 1, number of ko_state: 266712106
id: 2, number of ko_state: 129322142
id: 3, number of ko_state: 254411053
id: 4, number of ko_state: 347478782
id: 5, number of ko_state: 267862740
id: 6, number of ko_state: 7292196
id: 7, number of ko_state: 16970456
id: 8, number of ko_state: 7275276
id: 9, number of ko_state: 322885220
id: 10, number of ko_state: 144625549
id: 11, number of ko_state: 18916627
id: 12, number of ko_state: 17690440
id: 13, number of ko_state: 29200461
id: 14, number of ko_state: 135103223
id: 15, number of ko_state: 310552928
id: 16, number of ko_state: 7915423
id: 17, number of ko_state: 9027019
id: 18, number of ko_state: 3191705
id: 19, number of ko_state: 1446516
id: 20, number of ko_state: 310127304
id: 21, number of ko_state: 174615185
id: 22, number of ko_state: 15297063
id: 23, number of ko_state: 3645861
id: 24, number of ko_state: 338067706

serial with maximum ko 6
part 0: 
part 1: 
part 2: 
part 3: 
part 4: 
part 5: 
part 6: 
part 7: 
part 8: 
part 9: 
part 10: 
part 11: 
part 12: 
part 13: 
part 14: 
part 15: 
part 16: 
part 17: 
part 18: 
part 19: 
part 20: 
part 21: 
part 22: 
part 23: 
part 24: 
part 25: 
part 26: 
part 27: 
part 28: 
part 29: 
part 30: 
part 31: 
part 32: 
part 33: 
part 34: 
part 35: 
part 36: 
part 37: 
part 38: 
part 39: 
part 40: 
part 41: 
part 42: 
part 43: 
part 44: 
part 45: 
part 46: 
part 47: 
part 48: 
part 49: 
part 50: 
part 51: 
part 52: 
part 53: 
part 54: 
part 55: 
part 56: 
part 57: 
part 58: 
part 59: 
part 60: 
part 61: 
part 62: 
part 63: 
part 64: 
part 65: 
part 66: 
part 67: 
part 68: 
part 69: 
part 70: 
part 71: 
part 72: 
part 73: 
part 74: 
part 75: 
part 76: 
part 77: 
part 78: 
part 79: 
part 80: 
part 81: 
part 82: 
part 83: 
part 84: 
part 85: 
part 86: 
part 87: 
part 88: 
part 89: 
part 90: 
part 91: 
part 92: 
part 93: 
part 94: 
part 95: 
part 96: 
part 97: 
part 98: 
part 99: 
part 100: 
part 101: 
part 102: 
part 103: 
part 104: 
part 105: 
part 106: 
part 107: 
part 108: 
part 109: 
part 110: 
part 111: 
part 112: 
part 113: 
part 114: 
part 115: 
part 116: 
part 117: 
part 118: 
part 119: 
part 120: 
part 121: 
part 122: 
part 123: 
part 124: 
part 125: 
part 126: 
part 127: 
part 128: 
part 129: 
part 130: 
part 131: 
part 132: 
part 133: 
part 134: 
part 135: 
part 136: 
part 137: 
part 138: 
part 139: 
part 140: 
part 141: 
part 142: 
part 143: 
part 144: 
part 145: 
part 146: 
part 147: 
part 148: 
part 149: 
part 150: 
part 151: 
part 152: 
part 153: 
part 154: 
part 155: 
part 156: 
part 157: 
part 158: 
part 159: 
part 160: 
part 161: 
part 162: 
part 163: 
part 164: 
part 165: 
part 166: 
part 167: 
part 168: 
part 169: 
part 170: 
part 171: 
part 172: 
part 173: 
part 174: 
part 175: 
part 176: 
part 177: 
part 178: 
part 179: 
part 180: 
part 181: 
part 182: 
part 183: 
part 184: 
part 185: 
part 186: 
part 187: 
part 188: 
part 189: 
part 190: 
part 191: 
part 192: 
part 193: 
part 194: 
part 195: 
part 196: 
part 197: 212254457379, 212254634526, 
part 198: 
part 199: 
part 200: 
part 201: 
part 202: 
part 203: 
part 204: 
part 205: 
part 206: 
part 207: 
part 208: 
part 209: 
part 210: 
part 211: 
part 212: 
part 213: 
part 214: 
part 215: 
part 216: 
part 217: 
part 218: 
part 219: 
part 220: 
part 221: 
part 222: 
part 223: 
part 224: 
part 225: 
part 226: 
part 227: 
part 228: 
part 229: 
part 230: 
part 231: 
part 232: 
part 233: 
part 234: 
part 235: 
part 236: 
part 237: 
part 238: 
part 239: 
part 240: 
part 241: 
part 242: 
part 243: 
part 244: 
part 245: 
part 246: 
part 247: 
part 248: 
part 249: 
part 250: 
part 251: 
part 252: 
part 253: 
part 254: 
part 255: 
part 256: 
part 257: 
part 258: 
part 259: 
part 260: 
part 261: 
part 262: 
part 263: 
part 264: 
part 265: 
part 266: 
part 267: 
part 268: 
part 269: 
part 270: 
part 271: 
part 272: 
part 273: 
part 274: 
part 275: 
part 276: 
part 277: 
part 278: 
part 279: 
part 280: 
part 281: 
part 282: 
part 283: 
part 284: 
part 285: 
part 286: 
part 287: 
part 288: 
part 289: 
part 290: 
part 291: 
part 292: 
part 293: 
part 294: 
part 295: 
part 296: 
part 297: 
part 298: 
part 299: 
part 300: 
part 301: 
part 302: 
part 303: 
part 304: 
part 305: 
part 306: 
part 307: 
part 308: 
part 309: 
part 310: 
part 311: 
part 312: 
part 313: 
part 314: 
part 315: 
part 316: 
part 317: 
part 318: 
part 319: 
part 320: 
part 321: 
part 322: 
part 323: 
part 324: 
part 325: 
part 326: 
part 327: 
part 328: 
part 329: 
part 330: 
part 331: 
part 332: 
part 333: 
part 334: 
part 335: 
part 336: 
part 337: 
part 338: 
part 339: 
part 340: 
part 341: 
part 342: 
part 343: 
part 344: 
part 345: 
part 346: 
part 347: 
part 348: 
part 349: 
part 350: 
part 351: 
part 352: 
part 353: 
part 354: 
part 355: 
part 356: 
part 357: 
part 358: 
part 359: 
part 360: 
part 361: 
part 362: 
part 363: 
part 364: 
part 365: 
part 366: 
part 367: 
part 368: 
part 369: 
part 370: 
part 371: 
part 372: 
part 373: 
part 374: 
part 375: 
part 376: 
part 377: 
part 378: 
part 379: 
part 380: 
part 381: 
part 382: 
part 383: 
part 384: 
part 385: 
part 386: 
part 387: 
part 388: 
part 389: 
part 390: 
part 391: 
part 392: 
part 393: 
part 394: 
part 395: 
part 396: 
part 397: 
part 398: 
part 399: 
part 400: 
part 401: 
part 402: 
part 403: 
part 404: 
part 405: 
part 406: 
part 407: 
part 408: 
part 409: 
part 410: 
part 411: 
part 412: 
part 413: 
part 414: 
part 415: 
part 416: 
part 417: 
part 418: 
part 419: 
part 420: 
part 421: 
part 422: 
part 423: 
part 424: 
part 425: 
part 426: 
part 427: 
part 428: 
part 429: 
part 430: 
part 431: 
part 432: 
part 433: 
part 434: 
part 435: 
part 436: 
part 437: 
part 438: 
part 439: 
part 440: 
part 441: 
part 442: 
part 443: 
part 444: 
part 445: 
part 446: 
part 447: 
part 448: 
part 449: 
part 450: 
part 451: 
part 452: 
part 453: 
part 454: 
part 455: 
part 456: 
part 457: 
part 458: 
part 459: 
part 460: 
part 461: 
part 462: 
part 463: 
part 464: 
part 465: 
part 466: 
part 467: 
part 468: 
part 469: 
part 470: 
part 471: 
part 472: 
part 473: 
part 474: 
part 475: 
part 476: 
part 477: 
part 478: 
part 479: 
part 480: 
part 481: 
part 482: 
part 483: 
part 484: 
part 485: 
part 486: 
part 487: 
part 488: 
part 489: 
part 490: 
part 491: 
part 492: 
part 493: 
part 494: 
part 495: 
part 496: 
part 497: 
part 498: 
part 499: 
part 500: 
part 501: 
part 502: 
part 503: 
part 504: 
part 505: 
part 506: 
part 507: 
part 508: 
part 509: 
part 510: 
part 511: 
part 512: 
part 513: 
part 514: 
part 515: 
part 516: 
part 517: 
part 518: 
part 519: 
part 520: 
part 521: 
part 522: 
part 523: 
part 524: 
part 525: 
part 526: 
part 527: 
part 528: 
part 529: 
part 530: 
part 531: 
part 532: 
part 533: 
part 534: 
part 535: 
part 536: 
part 537: 
part 538: 
part 539: 
part 540: 
part 541: 
part 542: 
part 543: 
part 544: 
part 545: 
part 546: 
part 547: 
part 548: 
part 549: 
part 550: 
part 551: 
part 552: 
part 553: 
part 554: 
part 555: 
part 556: 
part 557: 
part 558: 
part 559: 
part 560: 
part 561: 
part 562: 
part 563: 
part 564: 
part 565: 
part 566: 
part 567: 
part 568: 
part 569: 
part 570: 
part 571: 
part 572: 
part 573: 
part 574: 
part 575: 
part 576: 
part 577: 
part 578: 
part 579: 
part 580: 
part 581: 
part 582: 
part 583: 
part 584: 
part 585: 
part 586: 
part 587: 
part 588: 
part 589: 
part 590: 
part 591: 
part 592: 
part 593: 
part 594: 
part 595: 
part 596: 
part 597: 
part 598: 
part 599: 
part 600: 
part 601: 
part 602: 
part 603: 
part 604: 
part 605: 
part 606: 
part 607: 
part 608: 
part 609: 
part 610: 
part 611: 
part 612: 
part 613: 
part 614: 
part 615: 
part 616: 
part 617: 
part 618: 
part 619: 
part 620: 
part 621: 
part 622: 
part 623: 
part 624: 
part 625: 
part 626: 
part 627: 
part 628: 
part 629: 
part 630: 
part 631: 
part 632: 
part 633: 
part 634: 
part 635: 
part 636: 
part 637: 
part 638: 
part 639: 
part 640: 
part 641: 
part 642: 
part 643: 
part 644: 
part 645: 
part 646: 
part 647: 
part 648: 
part 649: 
part 650: 
part 651: 
part 652: 
part 653: 
part 654: 
part 655: 
part 656: 
part 657: 
part 658: 
part 659: 
part 660: 
part 661: 
part 662: 
part 663: 
part 664: 
part 665: 
part 666: 
part 667: 
part 668: 
part 669: 
part 670: 
part 671: 
part 672: 
part 673: 
part 674: 
part 675: 
part 676: 
part 677: 
part 678: 
part 679: 
part 680: 
part 681: 
part 682: 
part 683: 
part 684: 
part 685: 
part 686: 
part 687: 
part 688: 
part 689: 
part 690: 
part 691: 
part 692: 
part 693: 
part 694: 
part 695: 
part 696: 
part 697: 
part 698: 
part 699: 
part 700: 
part 701: 
part 702: 
part 703: 
part 704: 
part 705: 
part 706: 
part 707: 
part 708: 
part 709: 
part 710: 
part 711: 
part 712: 
part 713: 
part 714: 
part 715: 
part 716: 
part 717: 
part 718: 
part 719: 
part 720: 
part 721: 
part 722: 
part 723: 
part 724: 
part 725: 
part 726: 
part 727: 
part 728: 
part 729: 
part 730: 
part 731: 
part 732: 
part 733: 
part 734: 
part 735: 
part 736: 
part 737: 
part 738: 
part 739: 
part 740: 
part 741: 
part 742: 
part 743: 
part 744: 
part 745: 
part 746: 
part 747: 
part 748: 
part 749: 
part 750: 
part 751: 
part 752: 
part 753: 
part 754: 
part 755: 
part 756: 
part 757: 
part 758: 
part 759: 
part 760: 
part 761: 
part 762: 
part 763: 
part 764: 
part 765: 
part 766: 
part 767: 
part 768: 
part 769: 
part 770: 
part 771: 
part 772: 
part 773: 
part 774: 
part 775: 
part 776: 
part 777: 
part 778: 
part 779: 
part 780: 
part 781: 
part 782: 
part 783: 
part 784: 
part 785: 
part 786: 
part 787: 
part 788: 
part 789: 